<!DOCTYPE html PUBLIC "-//W3C//DTD XHTML 1.1//EN" "https://www.w3.org/TR/xhtml11/DTD/xhtml11.dtd">
<html xmlns="https://www.w3.org/1999/xhtml">
<head>
<meta http-equiv="content-type" content="text/html; charset=UTF-8"/>
<title>TestNG Report</title>
<style type="text/css">table {margin-bottom:10px;border-collapse:collapse;empty-cells:show}th,td {border:1px solid #009;padding:.25em .5em}th {vertical-align:bottom}td {vertical-align:top}table a {font-weight:bold}.stripe td {background-color: #E6EBF9}.num {text-align:right}.passedodd td {background-color: #3F3}.passedeven td {background-color: #0A0}.skippedodd td {background-color: #DDD}.skippedeven td {background-color: #CCC}.failedodd td,.attn {background-color: #F33}.failedeven td,.stripe .attn {background-color: #D00}.stacktrace {white-space:pre;font-family:monospace}.totop {font-size:85%;text-align:center;border-bottom:2px solid #000}.invisible {display:none}</style>
</head>
<body>
<table>
<tr><th>Test</th><th># Passed</th><th># Skipped</th><th># Retried</th><th># Failed</th><th>Time (ms)</th><th>Included Groups</th><th>Excluded Groups</th></tr>
<tr><th colspan="8">Default suite</th></tr>
<tr><td><a href="#t0">Default test</a></td><td class="num">2</td><td class="num">0</td><td class="num">0</td><td class="num attn">3</td><td class="num">391,370</td><td></td><td></td></tr>
</table>
<table id='summary'><thead><tr><th>Class</th><th>Method</th><th>Start</th><th>Time (ms)</th></tr></thead><tbody><tr><th colspan="4">Default suite</th></tr></tbody><tbody id="t0"><tr><th colspan="4">Default test &#8212; failed</th></tr><tr class="failedeven"><td rowspan="3">Runner.TestApplication</td><td><a href="#m0">runScenario</a></td><td rowspan="3">1665147371918</td><td rowspan="3">32542</td></tr><tr class="failedeven"><td><a href="#m1">runScenario</a></td></tr><tr class="failedeven"><td><a href="#m2">runScenario</a></td></tr><tr><th colspan="4">Default test &#8212; passed</th></tr><tr class="passedeven"><td rowspan="2">Runner.TestApplication</td><td><a href="#m3">runScenario</a></td><td rowspan="2">1665147221069</td><td rowspan="2">44258</td></tr><tr class="passedeven"><td><a href="#m4">runScenario</a></td></tr></tbody>
</table>
<h2>Default test</h2><h3 id="m0">Runner.TestApplication#runScenario</h3><table class="result"><tr class="param"><th>Parameter #1</th><th>Parameter #2</th></tr><tr class="param stripe"><td>&quot;verify system allow user to do a modification on already saved record&quot;</td><td>&quot;Optional[To test the property details tab]&quot;</td></tr><tr><th colspan="2">Exception</th></tr><tr><td colspan="2"><div class="stacktrace">org.openqa.selenium.ElementClickInterceptedException: element click intercepted: Element &lt;ion-select _ngcontent-nyy-c320=&quot;&quot; ng-reflect-ok-text=&quot;OK&quot; ng-reflect-cancel-text=&quot;CANCEL&quot; ng-reflect-placeholder=&quot;Select&quot; ng-reflect-interface=&quot;popover&quot; ng-reflect-model=&quot;N&quot; ng-reflect-multiple=&quot;false&quot; ng-reflect-disabled=&quot;true&quot; ng-reflect-is-disabled=&quot;true&quot; class=&quot;ng-untouched ng-pristine ios in-item select-disabled hydrated ion-untouched ion-pristine&quot; role=&quot;button&quot; aria-haspopup=&quot;listbox&quot; aria-disabled=&quot;true&quot; aria-label=&quot; Secondary Collateral ,  Security Type *&quot;&gt;...&lt;/ion-select&gt; is not clickable at point (663, 252). Other element would receive the click: &lt;digital-select-layout _ngcontent-nyy-c690=&quot;&quot; _nghost-nyy-c320=&quot;&quot; ng-reflect-name=&quot;isprimarySecurity&quot; ng-reflect-control=&quot;[object Object]&quot; ng-reflect-form-control-name-label=&quot;isprimarySecurity&quot; ng-reflect-form-data=&quot;[object Object]&quot; ng-reflect-current-user=&quot;[object Object]&quot; ng-reflect-config-data=&quot;[object Object]&quot; class=&quot;ng-untouched ng-pristine ng-valid ng-star-inserted&quot;&gt;...&lt;/digital-select-layout&gt;
  (Session info: chrome=99.0.4844.82)
Build info: version: &apos;4.0.0-rc-1&apos;, revision: &apos;bc5511cbda&apos;
System info: host: &apos;INMUVADP014584&apos;, ip: &apos;10.1.47.109&apos;, os.name: &apos;Windows 10&apos;, os.arch: &apos;amd64&apos;, os.version: &apos;10.0&apos;, java.version: &apos;17.0.1&apos;
Driver info: org.openqa.selenium.chrome.ChromeDriver
Command: [527c51f27e9239885e80c3bdbfae1459, clickElement {id=5f1c5551-6cf0-4a77-a45a-41edf35067b9}]
Capabilities {acceptInsecureCerts: false, browserName: chrome, browserVersion: 99.0.4844.82, chrome: {chromedriverVersion: 98.0.4758.80 (7f0488e8ba0d8..., userDataDir: C:\Users\ININDC~1\AppData\L...}, goog:chromeOptions: {debuggerAddress: localhost:51688}, javascriptEnabled: true, networkConnectionEnabled: false, pageLoadStrategy: normal, platform: WINDOWS, platformName: WINDOWS, proxy: Proxy(), se:cdp: ws://localhost:51688/devtoo..., se:cdpVersion: 99.0.4844.82, setWindowRect: true, strictFileInteractability: false, timeouts: {implicit: 0, pageLoad: 300000, script: 30000}, unhandledPromptBehavior: dismiss and notify, webauthn:extension:credBlob: true, webauthn:extension:largeBlob: true, webauthn:virtualAuthenticators: true}
Element: [[ChromeDriver: chrome on WINDOWS (527c51f27e9239885e80c3bdbfae1459)] -&gt; xpath: //ion-label[text()=&apos; Security Type &apos;]/parent::ion-item//ion-select]
Session ID: 527c51f27e9239885e80c3bdbfae1459
	at java.base/jdk.internal.reflect.NativeConstructorAccessorImpl.newInstance0(Native Method)
	at java.base/jdk.internal.reflect.NativeConstructorAccessorImpl.newInstance(NativeConstructorAccessorImpl.java:77)
	at java.base/jdk.internal.reflect.DelegatingConstructorAccessorImpl.newInstance(DelegatingConstructorAccessorImpl.java:45)
	at java.base/java.lang.reflect.Constructor.newInstanceWithCaller(Constructor.java:499)
	at java.base/java.lang.reflect.Constructor.newInstance(Constructor.java:480)
	at org.openqa.selenium.remote.codec.w3c.W3CHttpResponseCodec.createException(W3CHttpResponseCodec.java:200)
	at org.openqa.selenium.remote.codec.w3c.W3CHttpResponseCodec.decode(W3CHttpResponseCodec.java:133)
	at org.openqa.selenium.remote.codec.w3c.W3CHttpResponseCodec.decode(W3CHttpResponseCodec.java:53)
	at org.openqa.selenium.remote.HttpCommandExecutor.execute(HttpCommandExecutor.java:184)
	at org.openqa.selenium.remote.service.DriverCommandExecutor.invokeExecute(DriverCommandExecutor.java:164)
	at org.openqa.selenium.remote.service.DriverCommandExecutor.execute(DriverCommandExecutor.java:139)
	at org.openqa.selenium.remote.RemoteWebDriver.execute(RemoteWebDriver.java:547)
	at org.openqa.selenium.remote.RemoteWebElement.execute(RemoteWebElement.java:251)
	at org.openqa.selenium.remote.RemoteWebElement.click(RemoteWebElement.java:77)
	at jdk.internal.reflect.GeneratedMethodAccessor5.invoke(Unknown Source)
	at java.base/jdk.internal.reflect.DelegatingMethodAccessorImpl.invoke(DelegatingMethodAccessorImpl.java:43)
	at java.base/java.lang.reflect.Method.invoke(Method.java:568)
	at org.openqa.selenium.support.pagefactory.internal.LocatingElementHandler.invoke(LocatingElementHandler.java:52)
	at jdk.proxy2/jdk.proxy2.$Proxy46.click(Unknown Source)
	at stepdefinitions.Property_Details.user_modify_the_security_type(Property_Details.java:71)
	at ✽.user Modify the Security Type(file:///C:/Users/inindc00076/git/Azentio_ULSAnandh/AzentioULSFramework_Anandh/src/test/java/features/ULS_PropertyDetailsFEATURE.feature:252)
</div></td></tr></table><p class="totop"><a href="#summary">back to summary</a></p>
<h3 id="m1">Runner.TestApplication#runScenario</h3><table class="result"><tr class="param"><th>Parameter #1</th><th>Parameter #2</th></tr><tr class="param stripe"><td>&quot;To create the property details with valid data&quot;</td><td>&quot;Optional[To test the property details tab]&quot;</td></tr><tr><th colspan="2">Exception</th></tr><tr><td colspan="2"><div class="stacktrace">java.lang.AssertionError: The following asserts failed:
	address line 1 field should be non mandatory but here its a mandatory one expected [true] but found [false],
	address line 2 field should be non mandatory but here its a mandatory one expected [true] but found [false]
	at org.testng.asserts.SoftAssert.assertAll(SoftAssert.java:47)
	at org.testng.asserts.SoftAssert.assertAll(SoftAssert.java:31)
	at stepdefinitions.PropertyDetails_Steps.verify_record_is_saved_in_the_system(PropertyDetails_Steps.java:1396)
	at ✽.verify record is saved in the system(file:///C:/Users/inindc00076/git/Azentio_ULSAnandh/AzentioULSFramework_Anandh/src/test/java/features/ULS_PropertyDetailsFEATURE.feature:86)
</div></td></tr></table><p class="totop"><a href="#summary">back to summary</a></p>
<h3 id="m2">Runner.TestApplication#runScenario</h3><table class="result"><tr class="param"><th>Parameter #1</th><th>Parameter #2</th></tr><tr class="param stripe"><td>&quot;verify while modification, when user keep any mandatory field blank and click on save button&quot;</td><td>&quot;Optional[To test the property details tab]&quot;</td></tr><tr><th colspan="2">Exception</th></tr><tr><td colspan="2"><div class="stacktrace">org.openqa.selenium.ElementClickInterceptedException: element click intercepted: Element &lt;ion-select _ngcontent-ora-c320=&quot;&quot; ng-reflect-ok-text=&quot;OK&quot; ng-reflect-cancel-text=&quot;CANCEL&quot; ng-reflect-placeholder=&quot;Select&quot; ng-reflect-interface=&quot;popover&quot; ng-reflect-model=&quot;N&quot; ng-reflect-multiple=&quot;false&quot; ng-reflect-disabled=&quot;true&quot; ng-reflect-is-disabled=&quot;true&quot; class=&quot;ng-untouched ng-pristine ios in-item select-disabled hydrated ion-untouched ion-pristine&quot; role=&quot;button&quot; aria-haspopup=&quot;listbox&quot; aria-disabled=&quot;true&quot; aria-label=&quot; Secondary Collateral ,  Security Type *&quot;&gt;...&lt;/ion-select&gt; is not clickable at point (663, 252). Other element would receive the click: &lt;digital-select-layout _ngcontent-ora-c731=&quot;&quot; _nghost-ora-c320=&quot;&quot; ng-reflect-name=&quot;isprimarySecurity&quot; ng-reflect-control=&quot;[object Object]&quot; ng-reflect-form-control-name-label=&quot;isprimarySecurity&quot; ng-reflect-form-data=&quot;[object Object]&quot; ng-reflect-current-user=&quot;[object Object]&quot; ng-reflect-config-data=&quot;[object Object]&quot; class=&quot;ng-untouched ng-pristine ng-valid ng-star-inserted&quot;&gt;...&lt;/digital-select-layout&gt;
  (Session info: chrome=99.0.4844.82)
Build info: version: &apos;4.0.0-rc-1&apos;, revision: &apos;bc5511cbda&apos;
System info: host: &apos;INMUVADP014584&apos;, ip: &apos;10.1.47.109&apos;, os.name: &apos;Windows 10&apos;, os.arch: &apos;amd64&apos;, os.version: &apos;10.0&apos;, java.version: &apos;17.0.1&apos;
Driver info: org.openqa.selenium.chrome.ChromeDriver
Command: [31c1e52136dafffc2f540a4de3a6c978, clickElement {id=b247a3d1-3f17-47b4-955d-eb3e227219b9}]
Capabilities {acceptInsecureCerts: false, browserName: chrome, browserVersion: 99.0.4844.82, chrome: {chromedriverVersion: 98.0.4758.80 (7f0488e8ba0d8..., userDataDir: C:\Users\ININDC~1\AppData\L...}, goog:chromeOptions: {debuggerAddress: localhost:51761}, javascriptEnabled: true, networkConnectionEnabled: false, pageLoadStrategy: normal, platform: WINDOWS, platformName: WINDOWS, proxy: Proxy(), se:cdp: ws://localhost:51761/devtoo..., se:cdpVersion: 99.0.4844.82, setWindowRect: true, strictFileInteractability: false, timeouts: {implicit: 0, pageLoad: 300000, script: 30000}, unhandledPromptBehavior: dismiss and notify, webauthn:extension:credBlob: true, webauthn:extension:largeBlob: true, webauthn:virtualAuthenticators: true}
Element: [[ChromeDriver: chrome on WINDOWS (31c1e52136dafffc2f540a4de3a6c978)] -&gt; xpath: //ion-label[text()=&apos; Security Type &apos;]//following-sibling::ion-select]
Session ID: 31c1e52136dafffc2f540a4de3a6c978
	at java.base/jdk.internal.reflect.NativeConstructorAccessorImpl.newInstance0(Native Method)
	at java.base/jdk.internal.reflect.NativeConstructorAccessorImpl.newInstance(NativeConstructorAccessorImpl.java:77)
	at java.base/jdk.internal.reflect.DelegatingConstructorAccessorImpl.newInstance(DelegatingConstructorAccessorImpl.java:45)
	at java.base/java.lang.reflect.Constructor.newInstanceWithCaller(Constructor.java:499)
	at java.base/java.lang.reflect.Constructor.newInstance(Constructor.java:480)
	at org.openqa.selenium.remote.codec.w3c.W3CHttpResponseCodec.createException(W3CHttpResponseCodec.java:200)
	at org.openqa.selenium.remote.codec.w3c.W3CHttpResponseCodec.decode(W3CHttpResponseCodec.java:133)
	at org.openqa.selenium.remote.codec.w3c.W3CHttpResponseCodec.decode(W3CHttpResponseCodec.java:53)
	at org.openqa.selenium.remote.HttpCommandExecutor.execute(HttpCommandExecutor.java:184)
	at org.openqa.selenium.remote.service.DriverCommandExecutor.invokeExecute(DriverCommandExecutor.java:164)
	at org.openqa.selenium.remote.service.DriverCommandExecutor.execute(DriverCommandExecutor.java:139)
	at org.openqa.selenium.remote.RemoteWebDriver.execute(RemoteWebDriver.java:547)
	at org.openqa.selenium.remote.RemoteWebElement.execute(RemoteWebElement.java:251)
	at org.openqa.selenium.remote.RemoteWebElement.click(RemoteWebElement.java:77)
	at jdk.internal.reflect.GeneratedMethodAccessor5.invoke(Unknown Source)
	at java.base/jdk.internal.reflect.DelegatingMethodAccessorImpl.invoke(DelegatingMethodAccessorImpl.java:43)
	at java.base/java.lang.reflect.Method.invoke(Method.java:568)
	at org.openqa.selenium.support.pagefactory.internal.LocatingElementHandler.invoke(LocatingElementHandler.java:52)
	at jdk.proxy2/jdk.proxy2.$Proxy46.click(Unknown Source)
	at stepdefinitions.PropertyDetails_Steps.user_can_able_to_select_the_data_from_the_security_dropdown(PropertyDetails_Steps.java:207)
	at ✽.user can able to select the data from the security dropdown(file:///C:/Users/inindc00076/git/Azentio_ULSAnandh/AzentioULSFramework_Anandh/src/test/java/features/ULS_PropertyDetailsFEATURE.feature:271)
</div></td></tr></table><p class="totop"><a href="#summary">back to summary</a></p>
<h3 id="m3">Runner.TestApplication#runScenario</h3><table class="result"><tr class="param"><th>Parameter #1</th><th>Parameter #2</th></tr><tr class="param stripe"><td>&quot;To verify user can able to create the property details record with invalid input&quot;</td><td>&quot;Optional[To test the property details tab]&quot;</td></tr></table><p class="totop"><a href="#summary">back to summary</a></p>
<h3 id="m4">Runner.TestApplication#runScenario</h3><table class="result"><tr class="param"><th>Parameter #1</th><th>Parameter #2</th></tr><tr class="param stripe"><td>&quot;To verify user can able to modify theproperty details record before saving the record&quot;</td><td>&quot;Optional[To test the property details tab]&quot;</td></tr></table><p class="totop"><a href="#summary">back to summary</a></p>
</body>
</html>
