<?xml version="1.0" encoding="UTF-8"?>
<!-- Generated by org.testng.reporters.JUnitReportReporter -->
<testsuite hostname="PG00X8KU" failures="1" tests="1" name="Runner.TestApplication" time="73.894" errors="0" timestamp="2022-12-05T18:47:52 IST" skipped="0">
  <testcase classname="Runner.TestApplication" name="runScenario" time="73.894">
    <failure message="element click intercepted: Element &lt;button _ngcontent-gnv-c538=&quot;&quot; pbutton=&quot;&quot; type=&quot;button&quot; icon=&quot;pi pi-save&quot; iconpos=&quot;left&quot; tooltipposition=&quot;top&quot; class=&quot;p-element savecmnbtn p-button-info p-button-sm p-button-raised w-90 k-mx-2 p-button p-component p-button-icon-only ng-star-inserted&quot; ng-reflect-icon=&quot;pi pi-save&quot; ng-reflect-icon-pos=&quot;left&quot; ng-reflect-tooltip-position=&quot;top&quot; ng-reflect-text=&quot;Save&quot;&gt;...&lt;/button&gt; is not clickable at point (1360, 77). Other element would receive the click: &lt;ion-button _ngcontent-gnv-c542=&quot;&quot; ptooltip=&quot;Pin Tab&quot; tooltipposition=&quot;bottom&quot; class=&quot;p-element ios button button-clear in-toolbar button-has-icon-only ion-activatable ion-focusable hydrated&quot; ng-reflect-text=&quot;Pin Tab&quot; ng-reflect-tooltip-position=&quot;bottom&quot;&gt;...&lt;/ion-button&gt;
  (Session info: chrome=100.0.4896.60)
Build info: version: &#039;4.0.0-rc-1&#039;, revision: &#039;bc5511cbda&#039;
System info: host: &#039;PG00X8KU&#039;, ip: &#039;10.1.47.121&#039;, os.name: &#039;Windows 10&#039;, os.arch: &#039;amd64&#039;, os.version: &#039;10.0&#039;, java.version: &#039;17.0.1&#039;
Driver info: org.openqa.selenium.chrome.ChromeDriver
Command: [f7b41569cd13f76c77fec139db924a99, clickElement {id=7907adc8-da20-4546-a0c4-eda799d08c9e}]
Capabilities {acceptInsecureCerts: false, browserName: chrome, browserVersion: 100.0.4896.60, chrome: {chromedriverVersion: 99.0.4844.51 (d537ec02474b5..., userDataDir: C:\Users\ININDC~1\AppData\L...}, goog:chromeOptions: {debuggerAddress: localhost:60965}, javascriptEnabled: true, networkConnectionEnabled: false, pageLoadStrategy: normal, platform: WINDOWS, platformName: WINDOWS, proxy: Proxy(), se:cdp: ws://localhost:60965/devtoo..., se:cdpVersion: 100.0.4896.60, setWindowRect: true, strictFileInteractability: false, timeouts: {implicit: 0, pageLoad: 300000, script: 30000}, unhandledPromptBehavior: dismiss and notify, webauthn:extension:credBlob: true, webauthn:extension:largeBlob: true, webauthn:virtualAuthenticators: true}
Element: [[ChromeDriver: chrome on WINDOWS (f7b41569cd13f76c77fec139db924a99)] -&gt; xpath: //button[@ng-reflect-text=&#039;Save&#039;]]
Session ID: f7b41569cd13f76c77fec139db924a99" type="java.lang.AssertionError">
      <![CDATA[java.lang.AssertionError: element click intercepted: Element <button _ngcontent-gnv-c538="" pbutton="" type="button" icon="pi pi-save" iconpos="left" tooltipposition="top" class="p-element savecmnbtn p-button-info p-button-sm p-button-raised w-90 k-mx-2 p-button p-component p-button-icon-only ng-star-inserted" ng-reflect-icon="pi pi-save" ng-reflect-icon-pos="left" ng-reflect-tooltip-position="top" ng-reflect-text="Save">...</button> is not clickable at point (1360, 77). Other element would receive the click: <ion-button _ngcontent-gnv-c542="" ptooltip="Pin Tab" tooltipposition="bottom" class="p-element ios button button-clear in-toolbar button-has-icon-only ion-activatable ion-focusable hydrated" ng-reflect-text="Pin Tab" ng-reflect-tooltip-position="bottom">...</ion-button>
  (Session info: chrome=100.0.4896.60)
Build info: version: '4.0.0-rc-1', revision: 'bc5511cbda'
System info: host: 'PG00X8KU', ip: '10.1.47.121', os.name: 'Windows 10', os.arch: 'amd64', os.version: '10.0', java.version: '17.0.1'
Driver info: org.openqa.selenium.chrome.ChromeDriver
Command: [f7b41569cd13f76c77fec139db924a99, clickElement {id=7907adc8-da20-4546-a0c4-eda799d08c9e}]
Capabilities {acceptInsecureCerts: false, browserName: chrome, browserVersion: 100.0.4896.60, chrome: {chromedriverVersion: 99.0.4844.51 (d537ec02474b5..., userDataDir: C:\Users\ININDC~1\AppData\L...}, goog:chromeOptions: {debuggerAddress: localhost:60965}, javascriptEnabled: true, networkConnectionEnabled: false, pageLoadStrategy: normal, platform: WINDOWS, platformName: WINDOWS, proxy: Proxy(), se:cdp: ws://localhost:60965/devtoo..., se:cdpVersion: 100.0.4896.60, setWindowRect: true, strictFileInteractability: false, timeouts: {implicit: 0, pageLoad: 300000, script: 30000}, unhandledPromptBehavior: dismiss and notify, webauthn:extension:credBlob: true, webauthn:extension:largeBlob: true, webauthn:virtualAuthenticators: true}
Element: [[ChromeDriver: chrome on WINDOWS (f7b41569cd13f76c77fec139db924a99)] -> xpath: //button[@ng-reflect-text='Save']]
Session ID: f7b41569cd13f76c77fec139db924a99
at org.junit.Assert.fail(Assert.java:88)
at stepdefinitions.ULS_CustomerPersonalDetailsSteps.click_on_save_button_before_enter_the_mandatory_field(ULS_CustomerPersonalDetailsSteps.java:263)
at âœ½.click on save button before enter the mandatory field(file:///C:/Users/inindc00091/eclipse-workspace/Devesh_AzentioULSFramework_ExcelTest/src/test/java/features/ULS_CustomerPersonalDetailsFEATURE.feature:27)
]]>
    </failure>
  </testcase> <!-- runScenario -->
  <system-out/>
</testsuite> <!-- Runner.TestApplication -->
