<?xml version="1.0" encoding="UTF-8"?>
<!-- Generated by org.testng.reporters.JUnitReportReporter -->
<testsuite hostname="DESKTOP-PSK9T3U" failures="6" tests="19" name="Runner.TestApplication" time="1080.461" errors="0" timestamp="2023-03-08T12:13:34 IST" skipped="0">
  <testcase classname="Runner.TestApplication" name="runScenario" time="81.194"/>
  <system-out/>
  <testcase classname="Runner.TestApplication" name="runScenario" time="47.686"/>
  <system-out/>
  <testcase classname="Runner.TestApplication" name="runScenario" time="45.250">
    <failure message="no such element: Unable to locate element: {&quot;method&quot;:&quot;xpath&quot;,&quot;selector&quot;:&quot;//span[text()=&#039;615&#039;]/ancestor::tr/td[1]/button&quot;}
  (Session info: chrome=110.0.5481.178)
For documentation on this error, please visit: https://selenium.dev/exceptions/#no_such_element
Build info: version: &#039;4.0.0-rc-1&#039;, revision: &#039;bc5511cbda&#039;
System info: host: &#039;DESKTOP-PSK9T3U&#039;, ip: &#039;10.200.4.174&#039;, os.name: &#039;Windows 10&#039;, os.arch: &#039;amd64&#039;, os.version: &#039;10.0&#039;, java.version: &#039;19.0.1&#039;
Driver info: org.openqa.selenium.chrome.ChromeDriver
Command: [5c953ea1829f1ff8b2b55b547bd28d87, findElement {using=xpath, value=//span[text()=&#039;615&#039;]/ancestor::tr/td[1]/button}]
Capabilities {acceptInsecureCerts: false, browserName: chrome, browserVersion: 110.0.5481.178, chrome: {chromedriverVersion: 109.0.5414.74 (e7c5703604da..., userDataDir: C:\Users\ININDC~1\AppData\L...}, goog:chromeOptions: {debuggerAddress: localhost:50820}, javascriptEnabled: true, networkConnectionEnabled: false, pageLoadStrategy: normal, platform: WINDOWS, platformName: WINDOWS, proxy: Proxy(), se:cdp: ws://localhost:50820/devtoo..., se:cdpVersion: 110.0.5481.178, setWindowRect: true, strictFileInteractability: false, timeouts: {implicit: 0, pageLoad: 300000, script: 30000}, unhandledPromptBehavior: dismiss and notify, webauthn:extension:credBlob: true, webauthn:extension:largeBlob: true, webauthn:virtualAuthenticators: true}
Session ID: 5c953ea1829f1ff8b2b55b547bd28d87" type="java.lang.AssertionError">
      <![CDATA[java.lang.AssertionError: no such element: Unable to locate element: {"method":"xpath","selector":"//span[text()='615']/ancestor::tr/td[1]/button"}
  (Session info: chrome=110.0.5481.178)
For documentation on this error, please visit: https://selenium.dev/exceptions/#no_such_element
Build info: version: '4.0.0-rc-1', revision: 'bc5511cbda'
System info: host: 'DESKTOP-PSK9T3U', ip: '10.200.4.174', os.name: 'Windows 10', os.arch: 'amd64', os.version: '10.0', java.version: '19.0.1'
Driver info: org.openqa.selenium.chrome.ChromeDriver
Command: [5c953ea1829f1ff8b2b55b547bd28d87, findElement {using=xpath, value=//span[text()='615']/ancestor::tr/td[1]/button}]
Capabilities {acceptInsecureCerts: false, browserName: chrome, browserVersion: 110.0.5481.178, chrome: {chromedriverVersion: 109.0.5414.74 (e7c5703604da..., userDataDir: C:\Users\ININDC~1\AppData\L...}, goog:chromeOptions: {debuggerAddress: localhost:50820}, javascriptEnabled: true, networkConnectionEnabled: false, pageLoadStrategy: normal, platform: WINDOWS, platformName: WINDOWS, proxy: Proxy(), se:cdp: ws://localhost:50820/devtoo..., se:cdpVersion: 110.0.5481.178, setWindowRect: true, strictFileInteractability: false, timeouts: {implicit: 0, pageLoad: 300000, script: 30000}, unhandledPromptBehavior: dismiss and notify, webauthn:extension:credBlob: true, webauthn:extension:largeBlob: true, webauthn:virtualAuthenticators: true}
Session ID: 5c953ea1829f1ff8b2b55b547bd28d87
at org.testng.Assert.fail(Assert.java:99)
at stepdefinitions.KULS_CollateralSubType_Step.search_the_respective_reference_id_and_click_on_action_button_for_collatral_sub_type(KULS_CollateralSubType_Step.java:218)
at ✽.Search the respective reference id and click on Action button for collatral sub type(file:///C:/Users/ININDC00074/git/collateralsubtype/Arshath_AzentioULSFramework2/src/test/java/features/MDM_CollateralSubTypeMasterFeature.feature:161)
]]>
    </failure>
  </testcase> <!-- runScenario -->
  <system-out/>
  <testcase classname="Runner.TestApplication" name="runScenario" time="65.979"/>
  <system-out/>
  <testcase classname="Runner.TestApplication" name="runScenario" time="52.950"/>
  <system-out/>
  <testcase classname="Runner.TestApplication" name="runScenario" time="37.620"/>
  <system-out/>
  <testcase classname="Runner.TestApplication" name="runScenario" time="81.433">
    <failure message="expected [88559] but found [571341]" type="java.lang.AssertionError">
      <![CDATA[java.lang.AssertionError: expected [88559] but found [571341]
at org.testng.Assert.fail(Assert.java:99)
at org.testng.Assert.failNotEquals(Assert.java:1037)
at org.testng.Assert.assertEqualsImpl(Assert.java:140)
at org.testng.Assert.assertEquals(Assert.java:122)
at org.testng.Assert.assertEquals(Assert.java:629)
at org.testng.Assert.assertEquals(Assert.java:639)
at stepdefinitions.KULS_CollateralSubType_Step.validate_the_record_in_mail_box_with_updated_record_for_checker_reject(KULS_CollateralSubType_Step.java:1004)
at ✽.Validate the record in mail box with updated record for checker reject(file:///C:/Users/ININDC00074/git/collateralsubtype/Arshath_AzentioULSFramework2/src/test/java/features/MDM_CollateralSubTypeMasterFeature.feature:202)
]]>
    </failure>
  </testcase> <!-- runScenario -->
  <system-out/>
  <testcase classname="Runner.TestApplication" name="runScenario" time="28.517"/>
  <system-out/>
  <testcase classname="Runner.TestApplication" name="runScenario" time="50.523">
    <failure message="no such element: Unable to locate element: {&quot;method&quot;:&quot;xpath&quot;,&quot;selector&quot;:&quot;//span[text()=&#039;615&#039;]/ancestor::tr/td[1]/button&quot;}
  (Session info: chrome=110.0.5481.178)
For documentation on this error, please visit: https://selenium.dev/exceptions/#no_such_element
Build info: version: &#039;4.0.0-rc-1&#039;, revision: &#039;bc5511cbda&#039;
System info: host: &#039;DESKTOP-PSK9T3U&#039;, ip: &#039;10.200.4.174&#039;, os.name: &#039;Windows 10&#039;, os.arch: &#039;amd64&#039;, os.version: &#039;10.0&#039;, java.version: &#039;19.0.1&#039;
Driver info: org.openqa.selenium.chrome.ChromeDriver
Command: [aa2b4fa373263a8ceb9dfd6b3a0d58ca, findElement {using=xpath, value=//span[text()=&#039;615&#039;]/ancestor::tr/td[1]/button}]
Capabilities {acceptInsecureCerts: false, browserName: chrome, browserVersion: 110.0.5481.178, chrome: {chromedriverVersion: 109.0.5414.74 (e7c5703604da..., userDataDir: C:\Users\ININDC~1\AppData\L...}, goog:chromeOptions: {debuggerAddress: localhost:50957}, javascriptEnabled: true, networkConnectionEnabled: false, pageLoadStrategy: normal, platform: WINDOWS, platformName: WINDOWS, proxy: Proxy(), se:cdp: ws://localhost:50957/devtoo..., se:cdpVersion: 110.0.5481.178, setWindowRect: true, strictFileInteractability: false, timeouts: {implicit: 0, pageLoad: 300000, script: 30000}, unhandledPromptBehavior: dismiss and notify, webauthn:extension:credBlob: true, webauthn:extension:largeBlob: true, webauthn:virtualAuthenticators: true}
Session ID: aa2b4fa373263a8ceb9dfd6b3a0d58ca" type="java.lang.AssertionError">
      <![CDATA[java.lang.AssertionError: no such element: Unable to locate element: {"method":"xpath","selector":"//span[text()='615']/ancestor::tr/td[1]/button"}
  (Session info: chrome=110.0.5481.178)
For documentation on this error, please visit: https://selenium.dev/exceptions/#no_such_element
Build info: version: '4.0.0-rc-1', revision: 'bc5511cbda'
System info: host: 'DESKTOP-PSK9T3U', ip: '10.200.4.174', os.name: 'Windows 10', os.arch: 'amd64', os.version: '10.0', java.version: '19.0.1'
Driver info: org.openqa.selenium.chrome.ChromeDriver
Command: [aa2b4fa373263a8ceb9dfd6b3a0d58ca, findElement {using=xpath, value=//span[text()='615']/ancestor::tr/td[1]/button}]
Capabilities {acceptInsecureCerts: false, browserName: chrome, browserVersion: 110.0.5481.178, chrome: {chromedriverVersion: 109.0.5414.74 (e7c5703604da..., userDataDir: C:\Users\ININDC~1\AppData\L...}, goog:chromeOptions: {debuggerAddress: localhost:50957}, javascriptEnabled: true, networkConnectionEnabled: false, pageLoadStrategy: normal, platform: WINDOWS, platformName: WINDOWS, proxy: Proxy(), se:cdp: ws://localhost:50957/devtoo..., se:cdpVersion: 110.0.5481.178, setWindowRect: true, strictFileInteractability: false, timeouts: {implicit: 0, pageLoad: 300000, script: 30000}, unhandledPromptBehavior: dismiss and notify, webauthn:extension:credBlob: true, webauthn:extension:largeBlob: true, webauthn:virtualAuthenticators: true}
Session ID: aa2b4fa373263a8ceb9dfd6b3a0d58ca
at org.testng.Assert.fail(Assert.java:99)
at stepdefinitions.KULS_CollateralSubType_Step.search_the_respective_reference_id_and_click_on_action_button_for_collatral_sub_type(KULS_CollateralSubType_Step.java:218)
at ✽.Search the respective reference id and click on Action button for collatral sub type(file:///C:/Users/ININDC00074/git/collateralsubtype/Arshath_AzentioULSFramework2/src/test/java/features/MDM_CollateralSubTypeMasterFeature.feature:212)
]]>
    </failure>
  </testcase> <!-- runScenario -->
  <system-out/>
  <testcase classname="Runner.TestApplication" name="runScenario" time="48.501"/>
  <system-out/>
  <testcase classname="Runner.TestApplication" name="runScenario" time="64.131"/>
  <system-out/>
  <testcase classname="Runner.TestApplication" name="runScenario" time="50.739"/>
  <system-out/>
  <testcase classname="Runner.TestApplication" name="runScenario" time="41.634"/>
  <system-out/>
  <testcase classname="Runner.TestApplication" name="runScenario" time="82.463">
    <failure message="expected [88560] but found [571341]" type="java.lang.AssertionError">
      <![CDATA[java.lang.AssertionError: expected [88560] but found [571341]
at org.testng.Assert.fail(Assert.java:99)
at org.testng.Assert.failNotEquals(Assert.java:1037)
at org.testng.Assert.assertEqualsImpl(Assert.java:140)
at org.testng.Assert.assertEquals(Assert.java:122)
at org.testng.Assert.assertEquals(Assert.java:629)
at org.testng.Assert.assertEquals(Assert.java:639)
at stepdefinitions.KULS_CollateralSubType_Step.validate_the_record_in_mail_box_with_updated_record_for_checker_return(KULS_CollateralSubType_Step.java:985)
at ✽.Validate the record in mail box with updated record for checker return(file:///C:/Users/ININDC00074/git/collateralsubtype/Arshath_AzentioULSFramework2/src/test/java/features/MDM_CollateralSubTypeMasterFeature.feature:234)
]]>
    </failure>
  </testcase> <!-- runScenario -->
  <system-out/>
  <testcase classname="Runner.TestApplication" name="runScenario" time="62.545">
    <failure message="expected [88558] but found [571341]" type="java.lang.AssertionError">
      <![CDATA[java.lang.AssertionError: expected [88558] but found [571341]
at org.testng.Assert.fail(Assert.java:99)
at org.testng.Assert.failNotEquals(Assert.java:1037)
at org.testng.Assert.assertEqualsImpl(Assert.java:140)
at org.testng.Assert.assertEquals(Assert.java:122)
at org.testng.Assert.assertEquals(Assert.java:629)
at org.testng.Assert.assertEquals(Assert.java:639)
at stepdefinitions.KULS_CollateralSubType_Step.validate_the_record_in_mail_box_with_updated_record_for_checker_approve(KULS_CollateralSubType_Step.java:952)
at ✽.Validate the record in mail box with updated record for checker approve(file:///C:/Users/ININDC00074/git/collateralsubtype/Arshath_AzentioULSFramework2/src/test/java/features/MDM_CollateralSubTypeMasterFeature.feature:151)
]]>
    </failure>
  </testcase> <!-- runScenario -->
  <system-out/>
  <testcase classname="Runner.TestApplication" name="runScenario" time="37.006"/>
  <system-out/>
  <testcase classname="Runner.TestApplication" name="runScenario" time="34.343">
    <failure message="no such element: Unable to locate element: {&quot;method&quot;:&quot;xpath&quot;,&quot;selector&quot;:&quot;//span[text()=&#039;615&#039;]/ancestor::tr/td[1]/button&quot;}
  (Session info: chrome=110.0.5481.178)
For documentation on this error, please visit: https://selenium.dev/exceptions/#no_such_element
Build info: version: &#039;4.0.0-rc-1&#039;, revision: &#039;bc5511cbda&#039;
System info: host: &#039;DESKTOP-PSK9T3U&#039;, ip: &#039;10.200.4.174&#039;, os.name: &#039;Windows 10&#039;, os.arch: &#039;amd64&#039;, os.version: &#039;10.0&#039;, java.version: &#039;19.0.1&#039;
Driver info: org.openqa.selenium.chrome.ChromeDriver
Command: [1adf5bd98dc3b91123c4004ab3a79bde, findElement {using=xpath, value=//span[text()=&#039;615&#039;]/ancestor::tr/td[1]/button}]
Capabilities {acceptInsecureCerts: false, browserName: chrome, browserVersion: 110.0.5481.178, chrome: {chromedriverVersion: 109.0.5414.74 (e7c5703604da..., userDataDir: C:\Users\ININDC~1\AppData\L...}, goog:chromeOptions: {debuggerAddress: localhost:51044}, javascriptEnabled: true, networkConnectionEnabled: false, pageLoadStrategy: normal, platform: WINDOWS, platformName: WINDOWS, proxy: Proxy(), se:cdp: ws://localhost:51044/devtoo..., se:cdpVersion: 110.0.5481.178, setWindowRect: true, strictFileInteractability: false, timeouts: {implicit: 0, pageLoad: 300000, script: 30000}, unhandledPromptBehavior: dismiss and notify, webauthn:extension:credBlob: true, webauthn:extension:largeBlob: true, webauthn:virtualAuthenticators: true}
Session ID: 1adf5bd98dc3b91123c4004ab3a79bde" type="java.lang.AssertionError">
      <![CDATA[java.lang.AssertionError: no such element: Unable to locate element: {"method":"xpath","selector":"//span[text()='615']/ancestor::tr/td[1]/button"}
  (Session info: chrome=110.0.5481.178)
For documentation on this error, please visit: https://selenium.dev/exceptions/#no_such_element
Build info: version: '4.0.0-rc-1', revision: 'bc5511cbda'
System info: host: 'DESKTOP-PSK9T3U', ip: '10.200.4.174', os.name: 'Windows 10', os.arch: 'amd64', os.version: '10.0', java.version: '19.0.1'
Driver info: org.openqa.selenium.chrome.ChromeDriver
Command: [1adf5bd98dc3b91123c4004ab3a79bde, findElement {using=xpath, value=//span[text()='615']/ancestor::tr/td[1]/button}]
Capabilities {acceptInsecureCerts: false, browserName: chrome, browserVersion: 110.0.5481.178, chrome: {chromedriverVersion: 109.0.5414.74 (e7c5703604da..., userDataDir: C:\Users\ININDC~1\AppData\L...}, goog:chromeOptions: {debuggerAddress: localhost:51044}, javascriptEnabled: true, networkConnectionEnabled: false, pageLoadStrategy: normal, platform: WINDOWS, platformName: WINDOWS, proxy: Proxy(), se:cdp: ws://localhost:51044/devtoo..., se:cdpVersion: 110.0.5481.178, setWindowRect: true, strictFileInteractability: false, timeouts: {implicit: 0, pageLoad: 300000, script: 30000}, unhandledPromptBehavior: dismiss and notify, webauthn:extension:credBlob: true, webauthn:extension:largeBlob: true, webauthn:virtualAuthenticators: true}
Session ID: 1adf5bd98dc3b91123c4004ab3a79bde
at org.testng.Assert.fail(Assert.java:99)
at stepdefinitions.KULS_CollateralSubType_Step.search_the_respective_reference_id_and_click_on_action_button_for_collatral_sub_type(KULS_CollateralSubType_Step.java:218)
at ✽.Search the respective reference id and click on Action button for collatral sub type(file:///C:/Users/ININDC00074/git/collateralsubtype/Arshath_AzentioULSFramework2/src/test/java/features/MDM_CollateralSubTypeMasterFeature.feature:244)
]]>
    </failure>
  </testcase> <!-- runScenario -->
  <system-out/>
  <testcase classname="Runner.TestApplication" name="runScenario" time="85.098"/>
  <system-out/>
  <testcase classname="Runner.TestApplication" name="runScenario" time="82.849"/>
  <system-out/>
</testsuite> <!-- Runner.TestApplication -->
