<?xml version="1.0" encoding="UTF-8"?>
<!-- Generated by org.testng.reporters.JUnitReportReporter -->
<testsuite hostname="INMUVADP016585" failures="0" tests="17" name="Runner.TestApplication" time="424.431" errors="1" timestamp="2022-08-12T18:34:56 IST" skipped="0">
  <testcase classname="Runner.TestApplication" name="runScenario" time="17.301"/>
  <system-out/>
  <testcase classname="Runner.TestApplication" name="runScenario" time="31.001"/>
  <system-out/>
  <testcase classname="Runner.TestApplication" name="runScenario" time="25.725"/>
  <system-out/>
  <testcase classname="Runner.TestApplication" name="runScenario" time="20.774"/>
  <system-out/>
  <testcase classname="Runner.TestApplication" name="runScenario" time="17.658"/>
  <system-out/>
  <testcase classname="Runner.TestApplication" name="runScenario" time="17.112"/>
  <system-out/>
  <testcase classname="Runner.TestApplication" name="runScenario" time="17.175"/>
  <system-out/>
  <testcase classname="Runner.TestApplication" name="runScenario" time="30.271"/>
  <system-out/>
  <testcase classname="Runner.TestApplication" name="runScenario" time="16.534"/>
  <system-out/>
  <testcase classname="Runner.TestApplication" name="runScenario" time="31.538"/>
  <system-out/>
  <testcase classname="Runner.TestApplication" name="runScenario" time="15.449">
    <error message="no such element: Unable to locate element: {&quot;method&quot;:&quot;xpath&quot;,&quot;selector&quot;:&quot;//ion-label[contains(text(),&#039;Asset Category&#039;)]//ancestor::digital-select-layout//following-sibling::div//child::ion-badge&quot;}
  (Session info: chrome=99.0.4844.82)
For documentation on this error, please visit: https://selenium.dev/exceptions/#no_such_element
Build info: version: &#039;4.0.0-rc-1&#039;, revision: &#039;bc5511cbda&#039;
System info: host: &#039;INMUVADP016585&#039;, ip: &#039;10.1.47.108&#039;, os.name: &#039;Windows 10&#039;, os.arch: &#039;amd64&#039;, os.version: &#039;10.0&#039;, java.version: &#039;17.0.1&#039;
Driver info: org.openqa.selenium.chrome.ChromeDriver
Command: [98b22eb0c9aadbb8b5b000d134828ac2, findElement {using=xpath, value=//ion-label[contains(text(),&#039;Asset Category&#039;)]//ancestor::digital-select-layout//following-sibling::div//child::ion-badge}]
Capabilities {acceptInsecureCerts: false, browserName: chrome, browserVersion: 99.0.4844.82, chrome: {chromedriverVersion: 98.0.4758.80 (7f0488e8ba0d8..., userDataDir: C:\Users\ININDC~1\AppData\L...}, goog:chromeOptions: {debuggerAddress: localhost:64479}, javascriptEnabled: true, networkConnectionEnabled: false, pageLoadStrategy: normal, platform: WINDOWS, platformName: WINDOWS, proxy: Proxy(), se:cdp: ws://localhost:64479/devtoo..., se:cdpVersion: 99.0.4844.82, setWindowRect: true, strictFileInteractability: false, timeouts: {implicit: 0, pageLoad: 300000, script: 30000}, unhandledPromptBehavior: dismiss and notify, webauthn:extension:credBlob: true, webauthn:extension:largeBlob: true, webauthn:virtualAuthenticators: true}
Session ID: 98b22eb0c9aadbb8b5b000d134828ac2" type="org.openqa.selenium.NoSuchElementException">
      <![CDATA[org.openqa.selenium.NoSuchElementException: no such element: Unable to locate element: {"method":"xpath","selector":"//ion-label[contains(text(),'Asset Category')]//ancestor::digital-select-layout//following-sibling::div//child::ion-badge"}
  (Session info: chrome=99.0.4844.82)
For documentation on this error, please visit: https://selenium.dev/exceptions/#no_such_element
Build info: version: '4.0.0-rc-1', revision: 'bc5511cbda'
System info: host: 'INMUVADP016585', ip: '10.1.47.108', os.name: 'Windows 10', os.arch: 'amd64', os.version: '10.0', java.version: '17.0.1'
Driver info: org.openqa.selenium.chrome.ChromeDriver
Command: [98b22eb0c9aadbb8b5b000d134828ac2, findElement {using=xpath, value=//ion-label[contains(text(),'Asset Category')]//ancestor::digital-select-layout//following-sibling::div//child::ion-badge}]
Capabilities {acceptInsecureCerts: false, browserName: chrome, browserVersion: 99.0.4844.82, chrome: {chromedriverVersion: 98.0.4758.80 (7f0488e8ba0d8..., userDataDir: C:\Users\ININDC~1\AppData\L...}, goog:chromeOptions: {debuggerAddress: localhost:64479}, javascriptEnabled: true, networkConnectionEnabled: false, pageLoadStrategy: normal, platform: WINDOWS, platformName: WINDOWS, proxy: Proxy(), se:cdp: ws://localhost:64479/devtoo..., se:cdpVersion: 99.0.4844.82, setWindowRect: true, strictFileInteractability: false, timeouts: {implicit: 0, pageLoad: 300000, script: 30000}, unhandledPromptBehavior: dismiss and notify, webauthn:extension:credBlob: true, webauthn:extension:largeBlob: true, webauthn:virtualAuthenticators: true}
Session ID: 98b22eb0c9aadbb8b5b000d134828ac2
at jdk.internal.reflect.GeneratedConstructorAccessor20.newInstance(Unknown Source)
at java.base/jdk.internal.reflect.DelegatingConstructorAccessorImpl.newInstance(DelegatingConstructorAccessorImpl.java:45)
at java.base/java.lang.reflect.Constructor.newInstanceWithCaller(Constructor.java:499)
at java.base/java.lang.reflect.Constructor.newInstance(Constructor.java:480)
at org.openqa.selenium.remote.codec.w3c.W3CHttpResponseCodec.createException(W3CHttpResponseCodec.java:200)
at org.openqa.selenium.remote.codec.w3c.W3CHttpResponseCodec.decode(W3CHttpResponseCodec.java:133)
at org.openqa.selenium.remote.codec.w3c.W3CHttpResponseCodec.decode(W3CHttpResponseCodec.java:53)
at org.openqa.selenium.remote.HttpCommandExecutor.execute(HttpCommandExecutor.java:184)
at org.openqa.selenium.remote.service.DriverCommandExecutor.invokeExecute(DriverCommandExecutor.java:164)
at org.openqa.selenium.remote.service.DriverCommandExecutor.execute(DriverCommandExecutor.java:139)
at org.openqa.selenium.remote.RemoteWebDriver.execute(RemoteWebDriver.java:547)
at org.openqa.selenium.remote.ElementLocation$ElementFinder$2.findElement(ElementLocation.java:162)
at org.openqa.selenium.remote.ElementLocation.findElement(ElementLocation.java:60)
at org.openqa.selenium.remote.RemoteWebDriver.findElement(RemoteWebDriver.java:381)
at org.openqa.selenium.remote.RemoteWebDriver.findElement(RemoteWebDriver.java:373)
at stepdefinitions.AssetAutoMaster.user_verify_the_impact_when_user_keep_any_mandatory_field_blank_and_click_on_save_button(AssetAutoMaster.java:385)
at âœ½.User verify the impact when user keep any mandatory field blank and click on save button(file:///C:/Users/inindc00077/git/AjithAzentio_ULSFramework/Ajith_AzentioULSFramework2/src/test/java/features/AssetAutoMaster.feature:145)
]]>
    </error>
  </testcase> <!-- runScenario -->
  <system-out/>
  <testcase classname="Runner.TestApplication" name="runScenario" time="19.538"/>
  <system-out/>
  <testcase classname="Runner.TestApplication" name="runScenario" time="37.840"/>
  <system-out/>
  <testcase classname="Runner.TestApplication" name="runScenario" time="29.351"/>
  <system-out/>
  <testcase classname="Runner.TestApplication" name="runScenario" time="63.328"/>
  <system-out/>
  <testcase classname="Runner.TestApplication" name="runScenario" time="15.617"/>
  <system-out/>
  <testcase classname="Runner.TestApplication" name="runScenario" time="18.219"/>
  <system-out/>
</testsuite> <!-- Runner.TestApplication -->
