

<!DOCTYPE html>
<html>
<head>
<meta charset="utf-8">
<meta name="viewport" content="width=device-width, initial-scale=1, shrink-to-fit=no">
<title>Automation Report HTML</title>
<link rel="apple-touch-icon" href="https://cdn.jsdelivr.net/gh/extent-framework/extent-github-cdn@b00a2d0486596e73dd7326beacf352c639623a0e/commons/img/logo.png">
<link rel="shortcut icon" href="https://cdn.jsdelivr.net/gh/extent-framework/extent-github-cdn@b00a2d0486596e73dd7326beacf352c639623a0e/commons/img/logo.png">
<link href="https://cdn.jsdelivr.net/gh/extent-framework/extent-github-cdn@c43b89d03a7c43dae8bb8f0f078bad1997af6b3b/spark/css/spark-style.css" rel="stylesheet" />
<link href="https://stackpath.bootstrapcdn.com/font-awesome/4.7.0/css/font-awesome.min.css" rel="stylesheet">
<script src="https://cdn.rawgit.com/extent-framework/extent-github-cdn/7cc78ce/spark/js/jsontree.js"></script>
<style type="text/css"></style></head><body class="spa bdd-report standard">
  <div class="app">
    <div class="layout">
<div class="header navbar">
<div class="vheader">
<div class="nav-logo">
<a href="#">
<div class="logo" style="background-image: url('https://cdn.jsdelivr.net/gh/extent-framework/extent-github-cdn@b00a2d0486596e73dd7326beacf352c639623a0e/commons/img/logo.png')"></div>
</a>
</div>
<ul class="nav-left">
<li class="search-box">
<a class="search-toggle" href="#">
<i class="search-icon fa fa-search"></i>
<i class="search-icon-close fa fa-close"></i>
</a>
</li>
<li class="search-input"><input id="search-tests" class="form-control" type="text" placeholder="Search..."></li>
</ul>
<ul class="nav-right">
<li class="m-r-10">
<a href="#"><span class="badge badge-primary">Azentio Automation Suite Report</span></a>
</li>
<li class="m-r-10">
<a href="#"><span class="badge badge-primary">Nov 29, 2022 02:21:16 pm</span></a>
</li>
</ul>
</div>
</div><div class="side-nav">
<div class="side-nav-inner">
<ul class="side-nav-menu">
<li class="nav-item dropdown" onclick="toggleView('test-view')">
<a id="nav-test" class="dropdown-toggle" href="#">
<span class="ico"><i class="fa fa-list"></i></span>
</a>
</li>
<li class="nav-item dropdown" onclick="toggleView('dashboard-view')">
<a id="nav-dashboard" class="dropdown-toggle" href="#">
<span class="ico"><i class="fa fa-bar-chart"></i></span>
</a>
</li>
<li class="nav-item dropdown" onclick="toggleView('category-view')">
<a id="nav-category" class="dropdown-toggle" href="#">
<span class="ico"><i class="fa fa-tag"></i></span>
</a>
</li>
<li class="nav-item dropdown" onclick="toggleView('exception-view')">
<a id="nav-exception" class="dropdown-toggle" href="#">
<span class="ico"><i class="fa fa-bug"></i></span>
</a>
</li>
</ul>
</div>
</div>      <div class="vcontainer">
        <div class="main-content">
<div class="test-wrapper row view test-view">
  <div class="test-list">
    <div class="test-list-tools">
<ul class="tools pull-left">
<li><a href="#"><span class="font-size-14">Tests</span></a></li>
</ul>
<ul class="tools text-right">
<li class="dropdown">
<a href="#" class="dropdown-toggle" data-toggle="dropdown"><i class="fa fa-exclamation-circle"></i></a>
<ul id="status-toggle" class="dropdown-menu dropdown-md p-v-0">
<a class="dropdown-item" status="fail" href="#"><span>Fail</span><span class="status danger"></span></a>
<div class="dropdown-divider"></div>
<a status="clear" class="dropdown-item" href="#"><span>Clear</span><span class="pull-right"><i class="fa fa-close"></i></span></a>
</ul>
</li>
<li class="dropdown">
<a href="#" class="dropdown-toggle" data-toggle="dropdown"><i class="fa fa-tag"></i></a>
<ul id="tag-toggle" class="dropdown-menu dropdown-md p-v-0">
<a class="dropdown-item" href="#">@AT_PD_002</a>
</ul>
</li>
</ul>
</div>    <div class="test-list-wrapper scrollable">
      <ul class="test-list-item">
        <li class="test-item"  status="fail" test-id="1"
          author=""
          tag=""
          device="">
          <div class="test-detail">
            <p class="name">To test the property details tab</p>
            <p class="text-sm">
              <span>14:21:18 pm</span> / <span>33:26:945</span>
              <span class="badge fail-bg log float-right">Fail</span>
            </p>
          </div>
          <div class="test-contents d-none">
<div class="detail-head">
<div class="p-v-10">
<div class="info">
<h5 class="test-status text-fail">To test the property details tab</h5>
<span class='badge badge-success'>11.29.2022 14:21:18</span>
<span class='badge badge-danger'>11.29.2022 14:24:45</span>
<span class='badge badge-default'>33:26:945</span>
&middot; <span class='uri-anchor badge badge-default'>#test-id=1</span>
</div>
<div class="m-t-10 m-l-5"></div>
</div>
</div>
<div class="accordion mt-4">
  <div class="card">
    <div class="card-header" role="tab">
      <div class="card-title">
        <div class="node" id="2"><span class="badge log fail-bg mr-2">Fail</span>To verify user can able to create the property details record with invalid input</div>
          <div class="status-avatar float-right mr-4">
            <i class="fa fa-paperclip"></i>
          </div>
      </div>
    </div>
        <div class="">
          <div class="card-body">
              <div class="step pass-bg" title="stepdefinitions.CustomerEntityLayout_CustomerDebt_Step.user_launch_the_kuls_url_for_transaction()">
                <span>Given User Launch the KULS url for Transaction</span>
      <div>
      </div>
              </div>
              <div class="step pass-bg" title="AFTER_STEP">
                <span>stepdefinitions.HooksClass.addScreenshot(io.cucumber.java.Scenario)</span>
      <div>screenshot
          <div class="row mb-3"><div class="col-md-3">
    <img data-featherlight='../Spark_Screenshots/embedded1.png' src="../Spark_Screenshots/embedded1.png">
    
    </div></div>
</div>
      <div>
      </div>
              </div>
              <div class="step pass-bg" title="stepdefinitions.PropertyDetails_Steps.click_on_mail_box()">
                <span>And click on mail box</span>
      <div>
      </div>
              </div>
              <div class="step pass-bg" title="AFTER_STEP">
                <span>stepdefinitions.HooksClass.addScreenshot(io.cucumber.java.Scenario)</span>
      <div>screenshot
          <div class="row mb-3"><div class="col-md-3">
    <img data-featherlight='../Spark_Screenshots/embedded2.png' src="../Spark_Screenshots/embedded2.png">
    
    </div></div>
</div>
      <div>
      </div>
              </div>
              <div class="step pass-bg" title="stepdefinitions.PropertyDetails_Steps.search_for_app_data_entry_record()">
                <span>And search for app data entry record</span>
      <div>
      </div>
              </div>
              <div class="step pass-bg" title="AFTER_STEP">
                <span>stepdefinitions.HooksClass.addScreenshot(io.cucumber.java.Scenario)</span>
      <div>screenshot
          <div class="row mb-3"><div class="col-md-3">
    <img data-featherlight='../Spark_Screenshots/embedded3.png' src="../Spark_Screenshots/embedded3.png">
    
    </div></div>
</div>
      <div>
      </div>
              </div>
              <div class="step pass-bg" title="stepdefinitions.PropertyDetails_Steps.select_the_app_data_entry_first_record()">
                <span>And select the app data entry first record</span>
      <div>
      </div>
              </div>
              <div class="step pass-bg" title="AFTER_STEP">
                <span>stepdefinitions.HooksClass.addScreenshot(io.cucumber.java.Scenario)</span>
      <div>screenshot
          <div class="row mb-3"><div class="col-md-3">
    <img data-featherlight='../Spark_Screenshots/embedded4.png' src="../Spark_Screenshots/embedded4.png">
    
    </div></div>
</div>
      <div>
      </div>
              </div>
              <div class="step pass-bg" title="stepdefinitions.PropertyDetails_Steps.click_on_property_detail_record()">
                <span>And click on property detail record</span>
      <div>
      </div>
              </div>
              <div class="step pass-bg" title="AFTER_STEP">
                <span>stepdefinitions.HooksClass.addScreenshot(io.cucumber.java.Scenario)</span>
      <div>screenshot
          <div class="row mb-3"><div class="col-md-3">
    <img data-featherlight='../Spark_Screenshots/embedded5.png' src="../Spark_Screenshots/embedded5.png">
    
    </div></div>
</div>
      <div>
      </div>
              </div>
              <div class="step pass-bg" title="stepdefinitions.PropertyDetails_Steps.click_on_add_button_in_property_details_tab()">
                <span>And click on add button in property details tab</span>
      <div>
      </div>
              </div>
              <div class="step pass-bg" title="AFTER_STEP">
                <span>stepdefinitions.HooksClass.addScreenshot(io.cucumber.java.Scenario)</span>
      <div>screenshot
          <div class="row mb-3"><div class="col-md-3">
    <img data-featherlight='../Spark_Screenshots/embedded6.png' src="../Spark_Screenshots/embedded6.png">
    
    </div></div>
</div>
      <div>
      </div>
              </div>
              <div class="step pass-bg" title="stepdefinitions.PropertyDetails_Steps.save_the_property_details_record()">
                <span>And save the property details record</span>
      <div>
      </div>
              </div>
              <div class="step pass-bg" title="AFTER_STEP">
                <span>stepdefinitions.HooksClass.addScreenshot(io.cucumber.java.Scenario)</span>
      <div>screenshot
          <div class="row mb-3"><div class="col-md-3">
    <img data-featherlight='../Spark_Screenshots/embedded7.png' src="../Spark_Screenshots/embedded7.png">
    
    </div></div>
</div>
      <div>
      </div>
              </div>
              <div class="step pass-bg" title="stepdefinitions.PropertyDetails_Steps.user_update_the_Excelsheet_data_for_invalid()">
                <span>And user update the Excelsheet data for Invalid</span>
      <div>
      </div>
              </div>
              <div class="step pass-bg" title="AFTER_STEP">
                <span>stepdefinitions.HooksClass.addScreenshot(io.cucumber.java.Scenario)</span>
      <div>screenshot
          <div class="row mb-3"><div class="col-md-3">
    <img data-featherlight='../Spark_Screenshots/embedded8.png' src="../Spark_Screenshots/embedded8.png">
    
    </div></div>
</div>
      <div>
      </div>
              </div>
              <div class="step pass-bg" title="stepdefinitions.PropertyDetails_Steps.verify_security_type_field_show_the_verification_for_blank_field()">
                <span>Then verify security type field show the verification for blank field</span>
      <div>
      </div>
              </div>
              <div class="step pass-bg" title="AFTER_STEP">
                <span>stepdefinitions.HooksClass.addScreenshot(io.cucumber.java.Scenario)</span>
      <div>screenshot
          <div class="row mb-3"><div class="col-md-3">
    <img data-featherlight='../Spark_Screenshots/embedded9.png' src="../Spark_Screenshots/embedded9.png">
    
    </div></div>
</div>
      <div>
      </div>
              </div>
              <div class="step pass-bg" title="stepdefinitions.PropertyDetails_Steps.verify_property_city_field_show_the_verification_for_blank_field()">
                <span>Then verify Property city field show the verification for blank field</span>
      <div>
      </div>
              </div>
              <div class="step pass-bg" title="AFTER_STEP">
                <span>stepdefinitions.HooksClass.addScreenshot(io.cucumber.java.Scenario)</span>
      <div>screenshot
          <div class="row mb-3"><div class="col-md-3">
    <img data-featherlight='../Spark_Screenshots/embedded10.png' src="../Spark_Screenshots/embedded10.png">
    
    </div></div>
</div>
      <div>
      </div>
              </div>
              <div class="step pass-bg" title="stepdefinitions.PropertyDetails_Steps.verify_type_of_transaction_field_show_the_verification_for_blank_field()">
                <span>Then verify Type Of Transaction field show the verification for blank field</span>
      <div>
      </div>
              </div>
              <div class="step pass-bg" title="AFTER_STEP">
                <span>stepdefinitions.HooksClass.addScreenshot(io.cucumber.java.Scenario)</span>
      <div>screenshot
          <div class="row mb-3"><div class="col-md-3">
    <img data-featherlight='../Spark_Screenshots/embedded11.png' src="../Spark_Screenshots/embedded11.png">
    
    </div></div>
</div>
      <div>
      </div>
              </div>
              <div class="step pass-bg" title="stepdefinitions.PropertyDetails_Steps.verify_purchased_from_field_show_the_verification_for_blank_field()">
                <span>Then verify Purchased from field show the verification for blank field</span>
      <div>
      </div>
              </div>
              <div class="step pass-bg" title="AFTER_STEP">
                <span>stepdefinitions.HooksClass.addScreenshot(io.cucumber.java.Scenario)</span>
      <div>screenshot
          <div class="row mb-3"><div class="col-md-3">
    <img data-featherlight='../Spark_Screenshots/embedded12.png' src="../Spark_Screenshots/embedded12.png">
    
    </div></div>
</div>
      <div>
      </div>
              </div>
              <div class="step pass-bg" title="stepdefinitions.PropertyDetails_Steps.verify_property_type_field_show_the_verification_for_blank_field()">
                <span>Then verify Property Type field show the verification for blank field</span>
      <div>
      </div>
              </div>
              <div class="step pass-bg" title="AFTER_STEP">
                <span>stepdefinitions.HooksClass.addScreenshot(io.cucumber.java.Scenario)</span>
      <div>screenshot
          <div class="row mb-3"><div class="col-md-3">
    <img data-featherlight='../Spark_Screenshots/embedded13.png' src="../Spark_Screenshots/embedded13.png">
    
    </div></div>
</div>
      <div>
      </div>
              </div>
              <div class="step pass-bg" title="stepdefinitions.PropertyDetails_Steps.verify_apf_status_field_show_the_verification_for_blank_field()">
                <span>Then verify APF Status field show the verification for blank field</span>
      <div>
      </div>
              </div>
              <div class="step pass-bg" title="AFTER_STEP">
                <span>stepdefinitions.HooksClass.addScreenshot(io.cucumber.java.Scenario)</span>
      <div>screenshot
          <div class="row mb-3"><div class="col-md-3">
    <img data-featherlight='../Spark_Screenshots/embedded14.png' src="../Spark_Screenshots/embedded14.png">
    
    </div></div>
</div>
      <div>
      </div>
              </div>
              <div class="step pass-bg" title="stepdefinitions.PropertyDetails_Steps.verify_construction_status_field_show_the_verification_for_blank_field()">
                <span>Then verify Construction Status field show the verification for blank field</span>
      <div>
      </div>
              </div>
              <div class="step pass-bg" title="AFTER_STEP">
                <span>stepdefinitions.HooksClass.addScreenshot(io.cucumber.java.Scenario)</span>
      <div>screenshot
          <div class="row mb-3"><div class="col-md-3">
    <img data-featherlight='../Spark_Screenshots/embedded15.png' src="../Spark_Screenshots/embedded15.png">
    
    </div></div>
</div>
      <div>
      </div>
              </div>
              <div class="step pass-bg" title="stepdefinitions.PropertyDetails_Steps.verify_property_category_field_show_the_verification_for_blank_field()">
                <span>Then verify Property category field show the verification for blank field</span>
      <div>
      </div>
              </div>
              <div class="step pass-bg" title="AFTER_STEP">
                <span>stepdefinitions.HooksClass.addScreenshot(io.cucumber.java.Scenario)</span>
      <div>screenshot
          <div class="row mb-3"><div class="col-md-3">
    <img data-featherlight='../Spark_Screenshots/embedded16.png' src="../Spark_Screenshots/embedded16.png">
    
    </div></div>
</div>
      <div>
      </div>
              </div>
              <div class="step pass-bg" title="stepdefinitions.PropertyDetails_Steps.verify_occupancy_status_field_show_the_verification_for_blank_field()">
                <span>Then verify Occupancy Status field show the verification for blank field</span>
      <div>
      </div>
              </div>
              <div class="step pass-bg" title="AFTER_STEP">
                <span>stepdefinitions.HooksClass.addScreenshot(io.cucumber.java.Scenario)</span>
      <div>screenshot
          <div class="row mb-3"><div class="col-md-3">
    <img data-featherlight='../Spark_Screenshots/embedded17.png' src="../Spark_Screenshots/embedded17.png">
    
    </div></div>
</div>
      <div>
      </div>
              </div>
              <div class="step pass-bg" title="stepdefinitions.PropertyDetails_Steps.verify_name_of_the_developer_field_show_the_verification_for_blank_field()">
                <span>Then verify name Of the Developer field show the verification for blank field</span>
      <div>
      </div>
              </div>
              <div class="step pass-bg" title="AFTER_STEP">
                <span>stepdefinitions.HooksClass.addScreenshot(io.cucumber.java.Scenario)</span>
      <div>screenshot
          <div class="row mb-3"><div class="col-md-3">
    <img data-featherlight='../Spark_Screenshots/embedded18.png' src="../Spark_Screenshots/embedded18.png">
    
    </div></div>
</div>
      <div>
      </div>
              </div>
              <div class="step pass-bg" title="stepdefinitions.PropertyDetails_Steps.verify_name_of_the_charge_holder_field_should_show_the_validation_post_enter_only_numeric_input()">
                <span>Then verify name of the charge holder field should show the validation post enter only numeric input</span>
      <div>
      </div>
              </div>
              <div class="step pass-bg" title="AFTER_STEP">
                <span>stepdefinitions.HooksClass.addScreenshot(io.cucumber.java.Scenario)</span>
      <div>screenshot
          <div class="row mb-3"><div class="col-md-3">
    <img data-featherlight='../Spark_Screenshots/embedded19.png' src="../Spark_Screenshots/embedded19.png">
    
    </div></div>
</div>
      <div>
      </div>
              </div>
              <div class="step fail-bg" title="stepdefinitions.PropertyDetails_Steps.verify_address_line_one_field_should_through_the_validation_post_enter_the_special_charecter_input()">
                <span>Then verify address line one field should through the validation post enter the special charecter input</span>
      <div>
        <textarea disabled class="code-block">org.openqa.selenium.TimeoutException: Expected condition failed: waiting for visibility of Proxy element for: DefaultElementLocator 'By.xpath: //ion-label[text()=' Address Line 1 ']//ancestor::digital-text-box//following-sibling::div//ion-badge' (tried for 50 second(s) with 1000 milliseconds interval)
	at org.openqa.selenium.support.ui.FluentWait.timeoutException(FluentWait.java:263)
	at org.openqa.selenium.support.ui.FluentWait.until(FluentWait.java:231)
	at helper.WaitHelper.waitForElementToVisibleWithFluentWait(WaitHelper.java:91)
	at stepdefinitions.PropertyDetails_Steps.verify_address_line_one_field_should_through_the_validation_post_enter_the_special_charecter_input(PropertyDetails_Steps.java:1622)
	at ?.verify address line one field should through the validation post enter the special charecter input(file:///C:/Users/inindc00075/git/Arshath_ULS/Arshath_AzentioULSFramework/src/test/java/features/ULS_Property_Details.feature:115)
Caused by: org.openqa.selenium.NoSuchElementException: no such element: Unable to locate element: {"method":"xpath","selector":"//ion-label[text()=' Address Line 1 ']//ancestor::digital-text-box//following-sibling::div//ion-badge"}
  (Session info: chrome=107.0.5304.121)
For documentation on this error, please visit: https://selenium.dev/exceptions/#no_such_element
Build info: version: '4.0.0-rc-1', revision: 'bc5511cbda'
System info: host: 'INMUVADP014547', ip: '10.1.47.111', os.name: 'Windows 10', os.arch: 'amd64', os.version: '10.0', java.version: '17.0.1'
Driver info: org.openqa.selenium.chrome.ChromeDriver
Command: [3cabe00330a6deb4ad024fea739cfb64, findElement {using=xpath, value=//ion-label[text()=' Address Line 1 ']//ancestor::digital-text-box//following-sibling::div//ion-badge}]
Capabilities {acceptInsecureCerts: false, browserName: chrome, browserVersion: 107.0.5304.121, chrome: {chromedriverVersion: 107.0.5304.62 (1eec40d3a576..., userDataDir: C:\Users\ININDC~1\AppData\L...}, goog:chromeOptions: {debuggerAddress: localhost:53864}, javascriptEnabled: true, networkConnectionEnabled: false, pageLoadStrategy: normal, platform: WINDOWS, platformName: WINDOWS, proxy: Proxy(), se:cdp: ws://localhost:53864/devtoo..., se:cdpVersion: 107.0.5304.121, setWindowRect: true, strictFileInteractability: false, timeouts: {implicit: 0, pageLoad: 300000, script: 30000}, unhandledPromptBehavior: dismiss and notify, webauthn:extension:credBlob: true, webauthn:extension:largeBlob: true, webauthn:virtualAuthenticators: true}
Session ID: 3cabe00330a6deb4ad024fea739cfb64
	at jdk.internal.reflect.GeneratedConstructorAccessor41.newInstance(Unknown Source)
	at java.base/jdk.internal.reflect.DelegatingConstructorAccessorImpl.newInstance(DelegatingConstructorAccessorImpl.java:45)
	at java.base/java.lang.reflect.Constructor.newInstanceWithCaller(Constructor.java:499)
	at java.base/java.lang.reflect.Constructor.newInstance(Constructor.java:480)
	at org.openqa.selenium.remote.codec.w3c.W3CHttpResponseCodec.createException(W3CHttpResponseCodec.java:200)
	at org.openqa.selenium.remote.codec.w3c.W3CHttpResponseCodec.decode(W3CHttpResponseCodec.java:133)
	at org.openqa.selenium.remote.codec.w3c.W3CHttpResponseCodec.decode(W3CHttpResponseCodec.java:53)
	at org.openqa.selenium.remote.HttpCommandExecutor.execute(HttpCommandExecutor.java:184)
	at org.openqa.selenium.remote.service.DriverCommandExecutor.invokeExecute(DriverCommandExecutor.java:164)
	at org.openqa.selenium.remote.service.DriverCommandExecutor.execute(DriverCommandExecutor.java:139)
	at org.openqa.selenium.remote.RemoteWebDriver.execute(RemoteWebDriver.java:547)
	at org.openqa.selenium.remote.ElementLocation$ElementFinder$2.findElement(ElementLocation.java:162)
	at org.openqa.selenium.remote.ElementLocation.findElement(ElementLocation.java:60)
	at org.openqa.selenium.remote.RemoteWebDriver.findElement(RemoteWebDriver.java:381)
	at org.openqa.selenium.remote.RemoteWebDriver.findElement(RemoteWebDriver.java:373)
	at org.openqa.selenium.support.pagefactory.DefaultElementLocator.findElement(DefaultElementLocator.java:70)
	at org.openqa.selenium.support.pagefactory.internal.LocatingElementHandler.invoke(LocatingElementHandler.java:39)
	at jdk.proxy2/jdk.proxy2.$Proxy46.isDisplayed(Unknown Source)
	at org.openqa.selenium.support.ui.ExpectedConditions.elementIfVisible(ExpectedConditions.java:307)
	at org.openqa.selenium.support.ui.ExpectedConditions.access$000(ExpectedConditions.java:40)
	at org.openqa.selenium.support.ui.ExpectedConditions$10.apply(ExpectedConditions.java:293)
	at org.openqa.selenium.support.ui.ExpectedConditions$10.apply(ExpectedConditions.java:290)
	at org.openqa.selenium.support.ui.FluentWait.until(FluentWait.java:208)
	at helper.WaitHelper.waitForElementToVisibleWithFluentWait(WaitHelper.java:91)
	at stepdefinitions.PropertyDetails_Steps.verify_address_line_one_field_should_through_the_validation_post_enter_the_special_charecter_input(PropertyDetails_Steps.java:1622)
	at java.base/jdk.internal.reflect.NativeMethodAccessorImpl.invoke0(Native Method)
	at java.base/jdk.internal.reflect.NativeMethodAccessorImpl.invoke(NativeMethodAccessorImpl.java:77)
	at java.base/jdk.internal.reflect.DelegatingMethodAccessorImpl.invoke(DelegatingMethodAccessorImpl.java:43)
	at java.base/java.lang.reflect.Method.invoke(Method.java:568)
	at io.cucumber.java.Invoker.doInvoke(Invoker.java:66)
	at io.cucumber.java.Invoker.invoke(Invoker.java:24)
	at io.cucumber.java.AbstractGlueDefinition.invokeMethod(AbstractGlueDefinition.java:47)
	at io.cucumber.java.JavaStepDefinition.execute(JavaStepDefinition.java:29)
	at io.cucumber.core.runner.CoreStepDefinition.execute(CoreStepDefinition.java:66)
	at io.cucumber.core.runner.PickleStepDefinitionMatch.runStep(PickleStepDefinitionMatch.java:63)
	at io.cucumber.core.runner.ExecutionMode$1.execute(ExecutionMode.java:10)
	at io.cucumber.core.runner.TestStep.executeStep(TestStep.java:92)
	at io.cucumber.core.runner.TestStep.run(TestStep.java:64)
	at io.cucumber.core.runner.PickleStepTestStep.run(PickleStepTestStep.java:51)
	at io.cucumber.core.runner.TestCase.run(TestCase.java:104)
	at io.cucumber.core.runner.Runner.runPickle(Runner.java:71)
	at io.cucumber.testng.TestNGCucumberRunner.lambda$runScenario$0(TestNGCucumberRunner.java:116)
	at io.cucumber.core.runtime.CucumberExecutionContext.runTestCase(CucumberExecutionContext.java:117)
	at io.cucumber.testng.TestNGCucumberRunner.runScenario(TestNGCucumberRunner.java:113)
	at io.cucumber.testng.AbstractTestNGCucumberTests.runScenario(AbstractTestNGCucumberTests.java:31)
	at java.base/jdk.internal.reflect.NativeMethodAccessorImpl.invoke0(Native Method)
	at java.base/jdk.internal.reflect.NativeMethodAccessorImpl.invoke(NativeMethodAccessorImpl.java:77)
	at java.base/jdk.internal.reflect.DelegatingMethodAccessorImpl.invoke(DelegatingMethodAccessorImpl.java:43)
	at java.base/java.lang.reflect.Method.invoke(Method.java:568)
	at org.testng.internal.MethodInvocationHelper.invokeMethod(MethodInvocationHelper.java:133)
	at org.testng.internal.TestInvoker.invokeMethod(TestInvoker.java:598)
	at org.testng.internal.TestInvoker.invokeTestMethod(TestInvoker.java:173)
	at org.testng.internal.MethodRunner.runInSequence(MethodRunner.java:46)
	at org.testng.internal.TestInvoker$MethodInvocationAgent.invoke(TestInvoker.java:824)
	at org.testng.internal.TestInvoker.invokeTestMethods(TestInvoker.java:146)
	at org.testng.internal.TestMethodWorker.invokeTestMethods(TestMethodWorker.java:146)
	at org.testng.internal.TestMethodWorker.run(TestMethodWorker.java:128)
	at java.base/java.util.ArrayList.forEach(ArrayList.java:1511)
	at org.testng.TestRunner.privateRun(TestRunner.java:794)
	at org.testng.TestRunner.run(TestRunner.java:596)
	at org.testng.SuiteRunner.runTest(SuiteRunner.java:377)
	at org.testng.SuiteRunner.runSequentially(SuiteRunner.java:371)
	at org.testng.SuiteRunner.privateRun(SuiteRunner.java:332)
	at org.testng.SuiteRunner.run(SuiteRunner.java:276)
	at org.testng.SuiteRunnerWorker.runSuite(SuiteRunnerWorker.java:53)
	at org.testng.SuiteRunnerWorker.run(SuiteRunnerWorker.java:96)
	at org.testng.TestNG.runSuitesSequentially(TestNG.java:1212)
	at org.testng.TestNG.runSuitesLocally(TestNG.java:1134)
	at org.testng.TestNG.runSuites(TestNG.java:1063)
	at org.testng.TestNG.run(TestNG.java:1031)
	at org.testng.remote.AbstractRemoteTestNG.run(AbstractRemoteTestNG.java:115)
	at org.testng.remote.RemoteTestNG.initAndRun(RemoteTestNG.java:251)
	at org.testng.remote.RemoteTestNG.main(RemoteTestNG.java:77)
</textarea>
      
      </div>
              </div>
              <div class="step pass-bg" title="AFTER_STEP">
                <span>stepdefinitions.HooksClass.addScreenshot(io.cucumber.java.Scenario)</span>
      <div>screenshot
          <div class="row mb-3"><div class="col-md-3">
    <img data-featherlight='../Spark_Screenshots/embedded20.png' src="../Spark_Screenshots/embedded20.png">
    
    </div></div>
</div>
      <div>
      </div>
              </div>
              <div class="step skip-bg" title="stepdefinitions.PropertyDetails_Steps.verify_address_line_two_field_should_through_the_validation_post_enter_the_special_charecter_input()">
                <span>Then verify address line two field should through the validation post enter the special charecter input</span>
      <div>Step skipped
      </div>
              </div>
              <div class="step skip-bg" title="stepdefinitions.PropertyDetails_Steps.verify_address_line_three_field_should_through_the_validation_post_enter_the_special_charecter_input()">
                <span>Then verify address line three field should through the validation post enter the special charecter input</span>
      <div>Step skipped
      </div>
              </div>
              <div class="step skip-bg" title="stepdefinitions.PropertyDetails_Steps.verify_district_and_neighboorhood_field_should_through_the_validation_post_enter_the_special_charecter_input()">
                <span>Then verify District and neighboorhood field should through the validation post enter the special charecter input</span>
      <div>Step skipped
      </div>
              </div>
              <div class="step skip-bg" title="stepdefinitions.PropertyDetails_Steps.verify_name_of_the_charge_holder_field_should_through_the_validation_post_enter_the_special_charecter_input()">
                <span>Then verify name of the charge holder field should through the validation post enter the special charecter input</span>
      <div>Step skipped
      </div>
              </div>
              <div class="step skip-bg" title="stepdefinitions.PropertyDetails_Steps.verify_pincode_field_should_through_the_validation_post_enter_the_special_charecter_input()">
                <span>Then verify pincode field should through the validation post enter the special charecter input</span>
      <div>Step skipped
      </div>
              </div>
              <div class="step skip-bg" title="stepdefinitions.PropertyDetails_Steps.user_enter_the_pincode_minimum_six_digits()">
                <span>When user enter the pincode minimum six digits</span>
      <div>Step skipped
      </div>
              </div>
              <div class="step skip-bg" title="stepdefinitions.PropertyDetails_Steps.verify_system_should_through_the_validation_for_minim_pincode_validation()">
                <span>Then verify system should through the validation for minim pincode validation</span>
      <div>Step skipped
      </div>
              </div>
              <div class="step skip-bg" title="stepdefinitions.PropertyDetails_Steps.verify_approx_property_area_field_should_not_allow_user_to_enter_alphabets()">
                <span>Then verify approx property area field should not allow user to enter alphabets</span>
      <div>Step skipped
      </div>
              </div>
              <div class="step skip-bg" title="stepdefinitions.PropertyDetails_Steps.verify_built_up_plot_area_field_should_not_allow_user_to_enter_plphabets()">
                <span>Then verify built up plot area field should not allow user to enter alphabets</span>
      <div>Step skipped
      </div>
              </div>
              <div class="step skip-bg" title="stepdefinitions.PropertyDetails_Steps.verify_carpet_area_field_should_not_allow_user_to_enter_plphabets()">
                <span>Then verify carpet area field should not allow user to enter alphabets</span>
      <div>Step skipped
      </div>
              </div>
              <div class="step skip-bg" title="stepdefinitions.PropertyDetails_Steps.verify_percentage_of_completion_field_should_not_allow_user_to_enter_plphabets()">
                <span>Then verify percentage of completion field should not allow user to enter alphabets</span>
      <div>Step skipped
      </div>
              </div>
              <div class="step skip-bg" title="stepdefinitions.PropertyDetails_Steps.verify_the_functionality_of_back_button_in_property_details_screen()">
                <span>Then verify the functionality of back button in property details screen</span>
      <div>Step skipped
      </div>
              </div>
          </div>
        </div>
  </div>
</div>
          </div>
        </li>
      </ul>
    </div>
  </div>
<div class="test-content scrollable">
<div class="test-content-tools">
<ul><li><a class="back-to-test" href="#"><i class="fa fa-arrow-left"></i></a></li></ul>
</div>
<div class="test-content-detail"><div class="detail-body"></div></div>
</div></div>
<div class="container-fluid p-4 view dashboard-view">
<div class="row">
<div class="col-md-3">
<div class="card"><div class="card-body">
<p class="m-b-0">Started</p>
<h3>Nov 29, 2022 02:21:16 pm</h3>
</div></div>
</div>
<div class="col-md-3">
<div class="card"><div class="card-body">
<p class="m-b-0">Ended</p>
<h3>Nov 29, 2022 02:24:45 pm</h3>
</div></div>
</div>
<div class="col-md-3">
<div class="card"><div class="card-body">
<p class="m-b-0 text-pass">Features Passed</p>
<h3>0</h3>
</div></div>
</div>
<div class="col-md-3">
<div class="card"><div class="card-body">
<p class="m-b-0 text-fail">Features Failed</p>
<h3>1</h3>
</div></div>
</div>
</div>
<div class="row">
<div class="col-md-4">
<div class="card">
<div class="card-header">
<h6 class="card-title">Features</h6>
</div>
<div class="card-body">
<div class="">
<canvas id='parent-analysis' width='115' height='90'></canvas>
</div>
</div>
<div class="card-footer">
<div><small data-tooltip='0%'>
<b>0</b> features passed
</small>
</div>
<div>
<small data-tooltip='100%'><b>1</b> features failed,
<b>0</b> skipped, <b data-tooltip='0%'>0</b> others
</small>
</div>
</div>
</div>
</div>
<div class="col-md-4">
<div class="card">
<div class="card-header">
<h6 class="card-title">Scenarios</h6>
</div>
<div class="card-body">
<div class="">
<canvas id='child-analysis' width='115' height='90'></canvas>
</div>
</div>
<div class="card-footer">
<div><small data-tooltip='0%'><b>0</b> scenarios passed</small></div>
<div>
<small data-tooltip='100%'><b>1</b> scenarios failed,
<b>0</b> skipped, <b data-tooltip='%'>0</b> others
</small>
</div>
</div>
</div>
</div>
<div class="col-md-4">
<div class="card">
<div class="card-header">
<h6 class="card-title">Steps</h6>
</div>
<div class="card-body">
<div class="">
<canvas id='grandchild-analysis' width='115' height='90'></canvas>
</div>
</div>
<div class="card-footer">
<div><small data-tooltip='75%'><b>39</b> steps passed</small></div>
<div>
<small data-tooltip='1%'><b>1</b> steps failed,
<b>12</b> skipped, <b data-tooltip='%'>0</b> others
</small>
</div>
</div>
</div>
</div>
</div>
<div class="row"><div class="col-md-12">
<div class="card"><div class="card-header"><p>Timeline</p></div>
<div class="card-body pt-0"><div>
<canvas id="timeline" height="120"></canvas>
</div></div>
</div>
</div></div>
<script>
var timeline = {
"To test the property details tab":206.945
};
</script>
<div class="row">
<div class="col-md-4 category-container">
<div class="card">
<div class="card-header"><p>Tags</p></div>
<div class="card-body pb-0 pt-0"><table class="table table-sm table-bordered">
<thead><tr class="bg-gray"><th>Name</th><th>Passed</th><th>Failed</th><th>Skipped</th><th>Others</th><th>Passed %</th></tr></thead><tbody>
<tr>
<td>@AT_PD_002</td>
<td>0</td>
<td>1</td>
<td>0</td>
<td>0</td>
<td>0%</td>
</tr>
</tbody>
</table></div>
</div>
</div>
<div class="col-md-4 sysenv-container">
<div class="card">
<div class="card-header"><p>System/Environment</p></div>
<div class="card-body pb-0 pt-0"><table class="table table-sm table-bordered">
<thead><tr class="bg-gray"><th>Name</th><th>Value</th></tr></thead>
<tbody>
<tr>
<td>version</td>
<td>10</td>
</tr>
<tr>
<td>os</td>
<td>windows</td>
</tr>
</tbody>
</table></div>
</div>
</div>
</div>
</div>
<script>
var statusGroup = {
parentCount: 5,
passParent: 0,
failParent: 1,
warningParent: 0,
skipParent: 0,
childCount: 5,
passChild: 0,
failChild: 1,
warningChild: 0,
skipChild: 0,
infoChild: 0,
grandChildCount: 5,
passGrandChild: 39,
failGrandChild: 1,
warningGrandChild: 0,
skipGrandChild: 12,
infoGrandChild: 0,
eventsCount: 5,
};
</script><div class="test-wrapper row view category-view attributes-view">
<div class="test-list">
<div class="test-list-tools">
<ul class="tools pull-left"><li><a href=""><span class="font-size-14">Category</span></a></li></ul>
<ul class="tools text-right"><li><a href="#"><span class="badge badge-primary">1</span></a></li></ul>
</div>
<div class="test-list-wrapper scrollable">
<ul class="test-list-item">
<li class="test-item">
<div class="test-detail">
<span class="meta">
<span class='badge log badge-danger'>1</span>
</span>
<p class="name">@AT_PD_002</p>
<p class="duration text-sm">1 tests</p>
</div>
<div class="test-contents d-none">
<div class="info">
<h4>@AT_PD_002</h4>
<span status="fail" class='badge log badge-danger'>1 failed</span>
</div>
<table class='table table-sm mt-4'>
<thead>
<tr>
<th class="status-col">Status</th>
<th class="timestamp-col">Timestamp</th>
<th>TestName</th>
</tr>
</thead>
<tbody>
<tr class="tag-test-status" status="fail">
<td><span class="badge log fail-bg">Fail</span></td>
<td>14:21:18 pm</td>
<td>
<a href="#" class="linked" test-id='1' id='2'>To verify user can able to create the property details record with invalid input</a>
<div class="">
<span class="badge badge-default">To test the property details tab.To verify user can able to create the property details record with invalid input</span>
</div>
</td>
</tr>
</tbody>
</table>
</div>
</li>
</ul>
</div>
</div>
<div class="test-content scrollable">
<div class="test-content-detail">
<div class="detail-body"></div>
</div>
</div>
</div><div class="test-wrapper row view exception-view attributes-view">
<div class="test-list">
<div class="test-list-tools">
<ul class="tools pull-left"><li><a href=""><span class="font-size-14">Exception</span></a></li></ul>
<ul class="tools text-right"><li><a href="#"><span class="badge badge-primary">1</span></a></li></ul>
</div>
<div class="test-list-wrapper scrollable">
<ul class="test-list-item">
<li class="test-item">
<div class="test-detail">
<span class="meta">
<span class='badge log badge-danger'>1</span>
</span>
<p class="name">org.openqa.selenium.TimeoutException</p>
<p class="duration text-sm">1 tests</p>
</div>
<div class="test-contents d-none">
<div class="info">
<h4>org.openqa.selenium.TimeoutException</h4>
<span status="fail" class='badge log badge-danger'>1 failed</span>
</div>
<table class='table table-sm mt-4'>
<thead>
<tr>
<th class="status-col">Status</th>
<th class="timestamp-col">Timestamp</th>
<th>TestName</th>
</tr>
</thead>
<tbody>
<tr class="tag-test-status" status="fail">
<td><span class="badge log fail-bg">Fail</span></td>
<td>14:23:20 pm</td>
<td>
<a href="#" class="linked" test-id='1' id='43'>Then verify address line one field should through the validation post enter the special charecter input</a>
<div class="">
<span class="badge badge-default">To test the property details tab.To verify user can able to create the property details record with invalid input.Then verify address line one field should through the validation post enter the special charecter input</span>
</div>
</td>
</tr>
</tbody>
</table>
</div>
</li>
</ul>
</div>
</div>
<div class="test-content scrollable">
<div class="test-content-detail">
<div class="detail-body"></div>
</div>
</div>
</div>        </div>
      </div>
    </div>
  </div>
<script src="https://cdn.jsdelivr.net/gh/extent-framework/extent-github-cdn@14e9bb345ef7e2ed3a102f271d84e9f0267c88e7/spark/js/spark-script.js"></script>
<script type="text/javascript"></script></body>
</html>