<?xml version="1.0" encoding="UTF-8"?>
<testng-results ignored="0" total="1" passed="0" failed="1" skipped="0">
  <reporter-output>
  </reporter-output>
  <suite started-at="2022-12-06T15:52:53 IST" name="Default suite" finished-at="2022-12-06T15:53:38 IST" duration-ms="45256">
    <groups>
      <group name="cucumber">
        <method signature="AbstractTestNGCucumberTests.runScenario(io.cucumber.testng.PickleWrapper,io.cucumber.testng.FeatureWrapper)[pri:0, instance:Runner.TestApplication@8519cb4]" name="runScenario" class="io.cucumber.testng.AbstractTestNGCucumberTests"/>
      </group> <!-- cucumber -->
    </groups>
    <test started-at="2022-12-06T15:52:53 IST" name="Default test" finished-at="2022-12-06T15:53:38 IST" duration-ms="45256">
      <class name="Runner.TestApplication">
        <test-method is-config="true" signature="beforeExecution()[pri:0, instance:Runner.TestApplication@8519cb4]" started-at="2022-12-06T15:52:53 IST" name="beforeExecution" finished-at="2022-12-06T15:52:53 IST" duration-ms="6" status="PASS">
          <reporter-output>
          </reporter-output>
        </test-method> <!-- beforeExecution -->
        <test-method is-config="true" signature="setUpClass()[pri:0, instance:Runner.TestApplication@8519cb4]" started-at="2022-12-06T15:52:53 IST" name="setUpClass" finished-at="2022-12-06T15:52:54 IST" duration-ms="608" status="PASS">
          <reporter-output>
          </reporter-output>
        </test-method> <!-- setUpClass -->
        <test-method signature="runScenario(io.cucumber.testng.PickleWrapper,io.cucumber.testng.FeatureWrapper)[pri:0, instance:Runner.TestApplication@8519cb4]" started-at="2022-12-06T15:52:54 IST" name="runScenario" description="Runs Cucumber Scenarios" data-provider="scenarios" finished-at="2022-12-06T15:53:33 IST" duration-ms="39513" status="FAIL">
          <params>
            <param index="0">
              <value>
                <![CDATA["To verify user is able to modify  existing record of Application Details under Disbursement Checker screen"]]>
              </value>
            </param>
            <param index="1">
              <value>
                <![CDATA["Optional[To verify user is able to view Application Details tab at Disbursement Checker stage]"]]>
              </value>
            </param>
          </params>
          <exception class="java.lang.AssertionError">
            <message>
              <![CDATA[The following asserts failed:
Primary product field should be non eitable one but here it is editable hence failed expected [true] but found [false],
Primary sub product field should be non eitable one but here it is editable hence failed expected [true] but found [false]]]>
            </message>
            <full-stacktrace>
              <![CDATA[java.lang.AssertionError: The following asserts failed:
Primary product field should be non eitable one but here it is editable hence failed expected [true] but found [false],
Primary sub product field should be non eitable one but here it is editable hence failed expected [true] but found [false]
at org.testng.asserts.SoftAssert.assertAll(SoftAssert.java:47)
at org.testng.asserts.SoftAssert.assertAll(SoftAssert.java:31)
at stepdefinitions.ApplicationDetailsDisbursementChecker.user_verify_the_back_button_functionality_in_application_detail_disbursement_checker(ApplicationDetailsDisbursementChecker.java:445)
at âœ½.User verify the back button functionality in application detail disbursement checker(file:///C:/Users/inindc00074/git/ULS_ArulGuru/Arul_AzentioULSFramework12/src/test/java/features/ApplicationDetailsDisbursementChecker.feature:44)
]]>
            </full-stacktrace>
          </exception> <!-- java.lang.AssertionError -->
          <reporter-output>
          </reporter-output>
        </test-method> <!-- runScenario -->
        <test-method is-config="true" signature="tearDownClass()[pri:0, instance:Runner.TestApplication@8519cb4]" started-at="2022-12-06T15:53:33 IST" name="tearDownClass" finished-at="2022-12-06T15:53:38 IST" duration-ms="5099" status="PASS">
          <reporter-output>
          </reporter-output>
        </test-method> <!-- tearDownClass -->
        <test-method is-config="true" signature="afterExecution()[pri:0, instance:Runner.TestApplication@8519cb4]" started-at="2022-12-06T15:53:38 IST" name="afterExecution" finished-at="2022-12-06T15:53:38 IST" duration-ms="74" status="PASS">
          <reporter-output>
          </reporter-output>
        </test-method> <!-- afterExecution -->
      </class> <!-- Runner.TestApplication -->
    </test> <!-- Default test -->
  </suite> <!-- Default suite -->
</testng-results>
