<?xml version="1.0" encoding="UTF-8"?>
<!-- Generated by org.testng.reporters.JUnitXMLReporter -->
<testsuite ignored="0" hostname="PG00X8KU" failures="1" tests="1" name="Default test" time="85.826" errors="0" timestamp="2022-12-05T18:47:52 IST">
  <testcase classname="io.cucumber.testng.AbstractTestNGCucumberTests" name="runScenario" time="73.894">
    <failure type="java.lang.AssertionError" message="element click intercepted: Element &amp;lt;button _ngcontent-gnv-c538=&amp;quot;&amp;quot; pbutton=&amp;quot;&amp;quot; type=&amp;quot;button&amp;quot; icon=&amp;quot;pi pi-save&amp;quot; iconpos=&amp;quot;left&amp;quot; tooltipposition=&amp;quot;top&amp;quot; class=&amp;quot;p-element savecmnbtn p-button-info p-button-sm p-button-raised w-90 k-mx-2 p-button p-component p-button-icon-only ng-star-inserted&amp;quot; ng-reflect-icon=&amp;quot;pi pi-save&amp;quot; ng-reflect-icon-pos=&amp;quot;left&amp;quot; ng-reflect-tooltip-position=&amp;quot;top&amp;quot; ng-reflect-text=&amp;quot;Save&amp;quot;&amp;gt;...&amp;lt;/button&amp;gt; is not clickable at point (1360, 77). Other element would receive the click: &amp;lt;ion-button _ngcontent-gnv-c542=&amp;quot;&amp;quot; ptooltip=&amp;quot;Pin Tab&amp;quot; tooltipposition=&amp;quot;bottom&amp;quot; class=&amp;quot;p-element ios button button-clear in-toolbar button-has-icon-only ion-activatable ion-focusable hydrated&amp;quot; ng-reflect-text=&amp;quot;Pin Tab&amp;quot; ng-reflect-tooltip-position=&amp;quot;bottom&amp;quot;&amp;gt;...&amp;lt;/ion-button&amp;gt;
  (Session info: chrome=100.0.4896.60)
Build info: version: &amp;apos;4.0.0-rc-1&amp;apos;, revision: &amp;apos;bc5511cbda&amp;apos;
System info: host: &amp;apos;PG00X8KU&amp;apos;, ip: &amp;apos;10.1.47.121&amp;apos;, os.name: &amp;apos;Windows 10&amp;apos;, os.arch: &amp;apos;amd64&amp;apos;, os.version: &amp;apos;10.0&amp;apos;, java.version: &amp;apos;17.0.1&amp;apos;
Driver info: org.openqa.selenium.chrome.ChromeDriver
Command: [f7b41569cd13f76c77fec139db924a99, clickElement {id=7907adc8-da20-4546-a0c4-eda799d08c9e}]
Capabilities {acceptInsecureCerts: false, browserName: chrome, browserVersion: 100.0.4896.60, chrome: {chromedriverVersion: 99.0.4844.51 (d537ec02474b5..., userDataDir: C:\Users\ININDC~1\AppData\L...}, goog:chromeOptions: {debuggerAddress: localhost:60965}, javascriptEnabled: true, networkConnectionEnabled: false, pageLoadStrategy: normal, platform: WINDOWS, platformName: WINDOWS, proxy: Proxy(), se:cdp: ws://localhost:60965/devtoo..., se:cdpVersion: 100.0.4896.60, setWindowRect: true, strictFileInteractability: false, timeouts: {implicit: 0, pageLoad: 300000, script: 30000}, unhandledPromptBehavior: dismiss and notify, webauthn:extension:credBlob: true, webauthn:extension:largeBlob: true, webauthn:virtualAuthenticators: true}
Element: [[ChromeDriver: chrome on WINDOWS (f7b41569cd13f76c77fec139db924a99)] -&amp;gt; xpath: //button[@ng-reflect-text=&amp;apos;Save&amp;apos;]]
Session ID: f7b41569cd13f76c77fec139db924a99">
      <![CDATA[java.lang.AssertionError: element click intercepted: Element <button _ngcontent-gnv-c538="" pbutton="" type="button" icon="pi pi-save" iconpos="left" tooltipposition="top" class="p-element savecmnbtn p-button-info p-button-sm p-button-raised w-90 k-mx-2 p-button p-component p-button-icon-only ng-star-inserted" ng-reflect-icon="pi pi-save" ng-reflect-icon-pos="left" ng-reflect-tooltip-position="top" ng-reflect-text="Save">...</button> is not clickable at point (1360, 77). Other element would receive the click: <ion-button _ngcontent-gnv-c542="" ptooltip="Pin Tab" tooltipposition="bottom" class="p-element ios button button-clear in-toolbar button-has-icon-only ion-activatable ion-focusable hydrated" ng-reflect-text="Pin Tab" ng-reflect-tooltip-position="bottom">...</ion-button>
  (Session info: chrome=100.0.4896.60)
Build info: version: '4.0.0-rc-1', revision: 'bc5511cbda'
System info: host: 'PG00X8KU', ip: '10.1.47.121', os.name: 'Windows 10', os.arch: 'amd64', os.version: '10.0', java.version: '17.0.1'
Driver info: org.openqa.selenium.chrome.ChromeDriver
Command: [f7b41569cd13f76c77fec139db924a99, clickElement {id=7907adc8-da20-4546-a0c4-eda799d08c9e}]
Capabilities {acceptInsecureCerts: false, browserName: chrome, browserVersion: 100.0.4896.60, chrome: {chromedriverVersion: 99.0.4844.51 (d537ec02474b5..., userDataDir: C:\Users\ININDC~1\AppData\L...}, goog:chromeOptions: {debuggerAddress: localhost:60965}, javascriptEnabled: true, networkConnectionEnabled: false, pageLoadStrategy: normal, platform: WINDOWS, platformName: WINDOWS, proxy: Proxy(), se:cdp: ws://localhost:60965/devtoo..., se:cdpVersion: 100.0.4896.60, setWindowRect: true, strictFileInteractability: false, timeouts: {implicit: 0, pageLoad: 300000, script: 30000}, unhandledPromptBehavior: dismiss and notify, webauthn:extension:credBlob: true, webauthn:extension:largeBlob: true, webauthn:virtualAuthenticators: true}
Element: [[ChromeDriver: chrome on WINDOWS (f7b41569cd13f76c77fec139db924a99)] -> xpath: //button[@ng-reflect-text='Save']]
Session ID: f7b41569cd13f76c77fec139db924a99
at org.junit.Assert.fail(Assert.java:88)
at stepdefinitions.ULS_CustomerPersonalDetailsSteps.click_on_save_button_before_enter_the_mandatory_field(ULS_CustomerPersonalDetailsSteps.java:263)
at âœ½.click on save button before enter the mandatory field(file:///C:/Users/inindc00091/eclipse-workspace/Devesh_AzentioULSFramework_ExcelTest/src/test/java/features/ULS_CustomerPersonalDetailsFEATURE.feature:27)
]]>
    </failure>
  </testcase> <!-- runScenario -->
</testsuite> <!-- Default test -->
