<?xml version="1.0" encoding="UTF-8"?>
<!-- Generated by org.testng.reporters.JUnitXMLReporter -->
<testsuite ignored="0" hostname="INMUVADP016574" failures="1" tests="1" name="Default test" time="102.117" errors="0" timestamp="2022-09-15T15:08:26 IST">
  <testcase classname="io.cucumber.testng.AbstractTestNGCucumberTests" name="runScenario" time="89.836">
    <failure type="org.openqa.selenium.ElementClickInterceptedException" message="element click intercepted: Element &amp;lt;ion-select _ngcontent-lxp-c320=&amp;quot;&amp;quot; ng-reflect-ok-text=&amp;quot;OK&amp;quot; ng-reflect-cancel-text=&amp;quot;CANCEL&amp;quot; ng-reflect-placeholder=&amp;quot;Select&amp;quot; ng-reflect-interface=&amp;quot;popover&amp;quot; ng-reflect-multiple=&amp;quot;false&amp;quot; ng-reflect-disabled=&amp;quot;false&amp;quot; ng-reflect-is-disabled=&amp;quot;false&amp;quot; class=&amp;quot;ng-untouched ng-pristine ng-valid ios in-item hydrated ion-untouched ion-pristine ion-valid&amp;quot; role=&amp;quot;button&amp;quot; aria-haspopup=&amp;quot;listbox&amp;quot; aria-label=&amp;quot;Select,  Sourcing Staff *&amp;quot; ng-reflect-model=&amp;quot;&amp;quot;&amp;gt;...&amp;lt;/ion-select&amp;gt; is not clickable at point (1476, 822). Other element would receive the click: &amp;lt;ion-popover class=&amp;quot;select-popover ios popover-desktop popover-side-bottom hydrated popover-bottom&amp;quot; id=&amp;quot;ion-overlay-13&amp;quot; aria-modal=&amp;quot;true&amp;quot; no-router=&amp;quot;&amp;quot; tabindex=&amp;quot;-1&amp;quot; style=&amp;quot;z-index: 20013; --width:792px;&amp;quot;&amp;gt;...&amp;lt;/ion-popover&amp;gt;
  (Session info: chrome=99.0.4844.82)
Build info: version: &amp;apos;4.0.0-rc-1&amp;apos;, revision: &amp;apos;bc5511cbda&amp;apos;
System info: host: &amp;apos;INMUVADP016574&amp;apos;, ip: &amp;apos;10.1.47.116&amp;apos;, os.name: &amp;apos;Windows 10&amp;apos;, os.arch: &amp;apos;amd64&amp;apos;, os.version: &amp;apos;10.0&amp;apos;, java.version: &amp;apos;17.0.1&amp;apos;
Driver info: org.openqa.selenium.chrome.ChromeDriver
Command: [1966571f8b3757e385f0620ae89e25ba, clickElement {id=9db3cafa-0289-4a53-bb75-6f718772a57c}]
Capabilities {acceptInsecureCerts: false, browserName: chrome, browserVersion: 99.0.4844.82, chrome: {chromedriverVersion: 98.0.4758.80 (7f0488e8ba0d8..., userDataDir: C:\Users\ININDC~1\AppData\L...}, goog:chromeOptions: {debuggerAddress: localhost:63306}, javascriptEnabled: true, networkConnectionEnabled: false, pageLoadStrategy: normal, platform: WINDOWS, platformName: WINDOWS, proxy: Proxy(), se:cdp: ws://localhost:63306/devtoo..., se:cdpVersion: 99.0.4844.82, setWindowRect: true, strictFileInteractability: false, timeouts: {implicit: 0, pageLoad: 300000, script: 30000}, unhandledPromptBehavior: dismiss and notify, webauthn:extension:credBlob: true, webauthn:extension:largeBlob: true, webauthn:virtualAuthenticators: true}
Element: [[ChromeDriver: chrome on WINDOWS (1966571f8b3757e385f0620ae89e25ba)] -&amp;gt; xpath: //ion-label[text()=&amp;apos; Sourcing Staff &amp;apos;]//following-sibling::ion-select]
Session ID: 1966571f8b3757e385f0620ae89e25ba">
      <![CDATA[org.openqa.selenium.ElementClickInterceptedException: element click intercepted: Element <ion-select _ngcontent-lxp-c320="" ng-reflect-ok-text="OK" ng-reflect-cancel-text="CANCEL" ng-reflect-placeholder="Select" ng-reflect-interface="popover" ng-reflect-multiple="false" ng-reflect-disabled="false" ng-reflect-is-disabled="false" class="ng-untouched ng-pristine ng-valid ios in-item hydrated ion-untouched ion-pristine ion-valid" role="button" aria-haspopup="listbox" aria-label="Select,  Sourcing Staff *" ng-reflect-model="">...</ion-select> is not clickable at point (1476, 822). Other element would receive the click: <ion-popover class="select-popover ios popover-desktop popover-side-bottom hydrated popover-bottom" id="ion-overlay-13" aria-modal="true" no-router="" tabindex="-1" style="z-index: 20013; --width:792px;">...</ion-popover>
  (Session info: chrome=99.0.4844.82)
Build info: version: '4.0.0-rc-1', revision: 'bc5511cbda'
System info: host: 'INMUVADP016574', ip: '10.1.47.116', os.name: 'Windows 10', os.arch: 'amd64', os.version: '10.0', java.version: '17.0.1'
Driver info: org.openqa.selenium.chrome.ChromeDriver
Command: [1966571f8b3757e385f0620ae89e25ba, clickElement {id=9db3cafa-0289-4a53-bb75-6f718772a57c}]
Capabilities {acceptInsecureCerts: false, browserName: chrome, browserVersion: 99.0.4844.82, chrome: {chromedriverVersion: 98.0.4758.80 (7f0488e8ba0d8..., userDataDir: C:\Users\ININDC~1\AppData\L...}, goog:chromeOptions: {debuggerAddress: localhost:63306}, javascriptEnabled: true, networkConnectionEnabled: false, pageLoadStrategy: normal, platform: WINDOWS, platformName: WINDOWS, proxy: Proxy(), se:cdp: ws://localhost:63306/devtoo..., se:cdpVersion: 99.0.4844.82, setWindowRect: true, strictFileInteractability: false, timeouts: {implicit: 0, pageLoad: 300000, script: 30000}, unhandledPromptBehavior: dismiss and notify, webauthn:extension:credBlob: true, webauthn:extension:largeBlob: true, webauthn:virtualAuthenticators: true}
Element: [[ChromeDriver: chrome on WINDOWS (1966571f8b3757e385f0620ae89e25ba)] -> xpath: //ion-label[text()=' Sourcing Staff ']//following-sibling::ion-select]
Session ID: 1966571f8b3757e385f0620ae89e25ba
at jdk.internal.reflect.GeneratedConstructorAccessor23.newInstance(Unknown Source)
at java.base/jdk.internal.reflect.DelegatingConstructorAccessorImpl.newInstance(DelegatingConstructorAccessorImpl.java:45)
at java.base/java.lang.reflect.Constructor.newInstanceWithCaller(Constructor.java:499)
at java.base/java.lang.reflect.Constructor.newInstance(Constructor.java:480)
at org.openqa.selenium.remote.codec.w3c.W3CHttpResponseCodec.createException(W3CHttpResponseCodec.java:200)
at org.openqa.selenium.remote.codec.w3c.W3CHttpResponseCodec.decode(W3CHttpResponseCodec.java:133)
at org.openqa.selenium.remote.codec.w3c.W3CHttpResponseCodec.decode(W3CHttpResponseCodec.java:53)
at org.openqa.selenium.remote.HttpCommandExecutor.execute(HttpCommandExecutor.java:184)
at org.openqa.selenium.remote.service.DriverCommandExecutor.invokeExecute(DriverCommandExecutor.java:164)
at org.openqa.selenium.remote.service.DriverCommandExecutor.execute(DriverCommandExecutor.java:139)
at org.openqa.selenium.remote.RemoteWebDriver.execute(RemoteWebDriver.java:547)
at org.openqa.selenium.remote.RemoteWebElement.execute(RemoteWebElement.java:251)
at org.openqa.selenium.remote.RemoteWebElement.click(RemoteWebElement.java:77)
at jdk.internal.reflect.GeneratedMethodAccessor5.invoke(Unknown Source)
at java.base/jdk.internal.reflect.DelegatingMethodAccessorImpl.invoke(DelegatingMethodAccessorImpl.java:43)
at java.base/java.lang.reflect.Method.invoke(Method.java:568)
at org.openqa.selenium.support.pagefactory.internal.LocatingElementHandler.invoke(LocatingElementHandler.java:52)
at jdk.proxy2/jdk.proxy2.$Proxy46.click(Unknown Source)
at stepdefinitions.ApplicationDetails_AppDataEntry.select_the_value_in_sourcing_staff_field_of_application_details(ApplicationDetails_AppDataEntry.java:288)
at âœ½.Select the value in Sourcing staff field of Application details(file:///C:/Users/inindc00071/eclipse-workspace/mKarthi_AzentioULSFramework/src/test/java/features/TransactionScreenFullBatch.feature:31)
]]>
    </failure>
  </testcase> <!-- runScenario -->
</testsuite> <!-- Default test -->
